#
# There is insufficient memory for the Java Runtime Environment to continue.
# Native memory allocation (mmap) failed to map 33554432 bytes for Failed to commit area from 0x000000008b600000 to 0x000000008d600000 of length 33554432.
# Possible reasons:
#   The system is out of physical RAM or swap space
#   The process is running with CompressedOops enabled, and the Java Heap may be blocking the growth of the native heap
# Possible solutions:
#   Reduce memory load on the system
#   Increase physical memory or swap space
#   Check if swap backing store is full
#   Decrease Java heap size (-Xmx/-Xms)
#   Decrease number of Java threads
#   Decrease Java thread stack sizes (-Xss)
#   Set larger code cache with -XX:ReservedCodeCacheSize=
#   JVM is running with Unscaled Compressed Oops mode in which the Java heap is
#     placed in the first 4GB address space. The Java Heap base address is the
#     maximum limit for the native heap growth. Please use -XX:HeapBaseMinAddress
#     to set the Java Heap base and to place the Java Heap above 4GB virtual address.
# This output file may be truncated or incomplete.
#
#  Out of Memory Error (./src/hotspot/os/windows/os_windows.cpp:3301), pid=2036, tid=13332
#
# JRE version: OpenJDK Runtime Environment (11.0.11+9) (build 11.0.11+9-b60-7590822)
# Java VM: OpenJDK 64-Bit Server VM (11.0.11+9-b60-7590822, mixed mode, tiered, compressed oops, g1 gc, windows-amd64)
# No core dump will be written. Minidumps are not enabled by default on client versions of Windows
#

---------------  S U M M A R Y ------------

Command Line: org.jetbrains.kotlin.cli.jvm.K2JVMCompiler @C:\Users\Omnia\StudioProjects\Library\app\build\20220428_4458824870427857476.compiler.options

Host: Intel(R) Core(TM) i5-10500H CPU @ 2.50GHz, 12 cores, 7G,  Windows 10 , 64 bit Build 22000 (10.0.22000.613)
Time: Thu Apr 28 18:31:17 2022 Egypt Standard Time elapsed time: 2.380237 seconds (0d 0h 0m 2s)

---------------  T H R E A D  ---------------

Current thread (0x00000231ecd0e000):  VMThread "VM Thread" [stack: 0x0000009f47900000,0x0000009f47a00000] [id=13332]

Stack: [0x0000009f47900000,0x0000009f47a00000]
[error occurred during error reporting (printing stack bounds), id 0xc0000005, EXCEPTION_ACCESS_VIOLATION (0xc0000005) at pc=0x00000231d6160f2d]

Native frames: (J=compiled Java code, j=interpreted, Vv=VM code, C=native code)
V  [jvm.dll+0x5f214a]
V  [jvm.dll+0x726fb5]
V  [jvm.dll+0x7285cd]
V  [jvm.dll+0x728be5]
V  [jvm.dll+0x728b9b]
V  [jvm.dll+0x5f14e8]
V  [jvm.dll+0x5f1c78]
C  [ntdll.dll+0xa86ef]
C  [ntdll.dll+0x35aea]
C  [ntdll.dll+0xa76fe]
C  0x00000231d6160f2d

VM_Operation (0x0000009f473fc140): G1CollectForAllocation, mode: safepoint, requested by thread 0x00000231d265e000


---------------  P R O C E S S  ---------------

Threads class SMR info:
_java_thread_list=0x00000231f2119e30, length=11, elements={
0x00000231d265e000, 0x00000231ecd31000, 0x00000231ecd3a800, 0x00000231ed6a8800,
0x00000231ed6aa000, 0x00000231ed6ad800, 0x00000231ecd4b000, 0x00000231ecd4d800,
0x00000231ecd4f000, 0x00000231ed822800, 0x00000231ed81f800
}

Java Threads: ( => current thread )
  0x00000231d265e000 JavaThread "main" [_thread_blocked, id=13300, stack(0x0000009f47300000,0x0000009f47400000)]
  0x00000231ecd31000 JavaThread "Reference Handler" daemon [_thread_blocked, id=9612, stack(0x0000009f47a00000,0x0000009f47b00000)]
  0x00000231ecd3a800 JavaThread "Finalizer" daemon [_thread_blocked, id=5312, stack(0x0000009f47b00000,0x0000009f47c00000)]
  0x00000231ed6a8800 JavaThread "Signal Dispatcher" daemon [_thread_blocked, id=13472, stack(0x0000009f47c00000,0x0000009f47d00000)]
  0x00000231ed6aa000 JavaThread "Attach Listener" daemon [_thread_blocked, id=11476, stack(0x0000009f47d00000,0x0000009f47e00000)]
  0x00000231ed6ad800 JavaThread "Service Thread" daemon [_thread_blocked, id=11256, stack(0x0000009f47e00000,0x0000009f47f00000)]
  0x00000231ecd4b000 JavaThread "C2 CompilerThread0" daemon [_thread_blocked, id=2576, stack(0x0000009f47f00000,0x0000009f48000000)]
  0x00000231ecd4d800 JavaThread "C1 CompilerThread0" daemon [_thread_blocked, id=9616, stack(0x0000009f48000000,0x0000009f48100000)]
  0x00000231ecd4f000 JavaThread "Sweeper thread" daemon [_thread_blocked, id=9360, stack(0x0000009f48100000,0x0000009f48200000)]
  0x00000231ed822800 JavaThread "Common-Cleaner" daemon [_thread_blocked, id=10996, stack(0x0000009f48300000,0x0000009f48400000)]
  0x00000231ed81f800 JavaThread "C2 CompilerThread1" daemon [_thread_blocked, id=15020, stack(0x0000009f48400000,0x0000009f48500000)]

Other Threads:
=>0x00000231ecd0e000 VMThread "VM Thread" [stack: 0x0000009f47900000,0x0000009f47a00000] [id=13332]
  0x00000231ed80c800 WatcherThread [stack: 0x0000009f48200000,0x0000009f48300000] [id=12536]
  0x00000231d2675800 GCTaskThread "GC Thread#0" [stack: 0x0000009f47400000,0x0000009f47500000] [id=4880]
  0x00000231ed98b000 GCTaskThread "GC Thread#1" [stack: 0x0000009f48600000,0x0000009f48700000] [id=5728]
  0x00000231ede5b000 GCTaskThread "GC Thread#2" [stack: 0x0000009f48700000,0x0000009f48800000] [id=13728]
  0x00000231d26a4800 ConcurrentGCThread "G1 Main Marker" [stack: 0x0000009f47500000,0x0000009f47600000] [id=4620]
  0x00000231d26a7000 ConcurrentGCThread "G1 Conc#0" [stack: 0x0000009f47600000,0x0000009f47700000] [id=9136]
  0x00000231ee08f800 ConcurrentGCThread "G1 Conc#1" [stack: 0x0000009f48800000,0x0000009f48900000] [id=3712]
  0x00000231eeb04800 ConcurrentGCThread "G1 Conc#2" [stack: 0x0000009f48900000,0x0000009f48a00000] [id=1892]
  0x00000231d273e800 ConcurrentGCThread "G1 Refine#0" [stack: 0x0000009f47700000,0x0000009f47800000] [id=14344]
  0x00000231ef741000 ConcurrentGCThread "G1 Refine#1" [stack: 0x0000009f48a00000,0x0000009f48b00000] [id=5684]
  0x00000231ee1b3800 ConcurrentGCThread "G1 Refine#2" [stack: 0x0000009f48b00000,0x0000009f48c00000] [id=12484]
  0x00000231ecb75800 ConcurrentGCThread "G1 Young RemSet Sampling" [stack: 0x0000009f47800000,0x0000009f47900000] [id=6820]

Threads with active compile tasks:

VM state:at safepoint (normal execution)

VM Mutex/Monitor currently owned by a thread:  ([mutex/lock_event])
[0x00000231d265a4e0] Threads_lock - owner thread: 0x00000231ecd0e000
[0x00000231d2659e20] Heap_lock - owner thread: 0x00000231d265e000

Heap address: 0x0000000083800000, size: 1992 MB, Compressed Oops mode: 32-bit
Narrow klass base: 0x0000000000000000, Narrow klass shift: 3
Compressed class space size: 1073741824 Address: 0x0000000100000000

Heap:
 garbage-first heap   total 161792K, used 23836K [0x0000000083800000, 0x0000000100000000)
  region size 1024K, 5 young (5120K), 5 survivors (5120K)
 Metaspace       used 43246K, capacity 43787K, committed 44080K, reserved 1087488K
  class space    used 5219K, capacity 5434K, committed 5504K, reserved 1048576K
Heap Regions: E=young(eden), S=young(survivor), O=old, HS=humongous(starts), HC=humongous(continues), CS=collection set, F=free, A=archive, TAMS=top-at-mark-start (previous, next)
|   0|0x0000000083800000, 0x0000000083900000, 0x0000000083900000|100%|HS|  |TAMS 0x0000000083900000, 0x0000000083800000| Complete 
|   1|0x0000000083900000, 0x0000000083a00000, 0x0000000083a00000|100%|HC|  |TAMS 0x0000000083a00000, 0x0000000083900000| Complete 
|   2|0x0000000083a00000, 0x0000000083b00000, 0x0000000083b00000|100%|HC|  |TAMS 0x0000000083b00000, 0x0000000083a00000| Complete 
|   3|0x0000000083b00000, 0x0000000083c00000, 0x0000000083c00000|100%|HS|  |TAMS 0x0000000083c00000, 0x0000000083b00000| Complete 
|   4|0x0000000083c00000, 0x0000000083d00000, 0x0000000083d00000|100%|HC|  |TAMS 0x0000000083d00000, 0x0000000083c00000| Complete 
|   5|0x0000000083d00000, 0x0000000083e00000, 0x0000000083e00000|100%|HC|  |TAMS 0x0000000083e00000, 0x0000000083d00000| Complete 
|   6|0x0000000083e00000, 0x0000000083e00000, 0x0000000083f00000|  0%| F|  |TAMS 0x0000000083e00000, 0x0000000083e00000| Untracked 
|   7|0x0000000083f00000, 0x0000000083f00000, 0x0000000084000000|  0%| F|  |TAMS 0x0000000083f00000, 0x0000000083f00000| Untracked 
|   8|0x0000000084000000, 0x0000000084100000, 0x0000000084100000|100%| O|  |TAMS 0x0000000084100000, 0x0000000084000000| Untracked 
|   9|0x0000000084100000, 0x0000000084200000, 0x0000000084200000|100%| O|  |TAMS 0x0000000084200000, 0x0000000084100000| Untracked 
|  10|0x0000000084200000, 0x0000000084300000, 0x0000000084300000|100%| O|  |TAMS 0x0000000084300000, 0x0000000084200000| Untracked 
|  11|0x0000000084300000, 0x0000000084400000, 0x0000000084400000|100%| O|  |TAMS 0x0000000084400000, 0x0000000084300000| Untracked 
|  12|0x0000000084400000, 0x0000000084500000, 0x0000000084500000|100%| O|  |TAMS 0x0000000084500000, 0x0000000084400000| Untracked 
|  13|0x0000000084500000, 0x0000000084600000, 0x0000000084600000|100%| O|  |TAMS 0x0000000084600000, 0x0000000084500000| Untracked 
|  14|0x0000000084600000, 0x0000000084700000, 0x0000000084700000|100%| O|  |TAMS 0x0000000084700000, 0x0000000084600000| Untracked 
|  15|0x0000000084700000, 0x0000000084800000, 0x0000000084800000|100%| O|  |TAMS 0x0000000084800000, 0x0000000084700000| Untracked 
|  16|0x0000000084800000, 0x0000000084900000, 0x0000000084900000|100%| O|  |TAMS 0x0000000084900000, 0x0000000084800000| Untracked 
|  17|0x0000000084900000, 0x0000000084a00000, 0x0000000084a00000|100%| O|  |TAMS 0x0000000084a00000, 0x0000000084900000| Untracked 
|  18|0x0000000084a00000, 0x0000000084b00000, 0x0000000084b00000|100%| O|  |TAMS 0x0000000084b00000, 0x0000000084a00000| Untracked 
|  19|0x0000000084b00000, 0x0000000084c00000, 0x0000000084c00000|100%| O|  |TAMS 0x0000000084c00000, 0x0000000084b00000| Untracked 
|  20|0x0000000084c00000, 0x0000000084c8b600, 0x0000000084d00000| 54%| O|  |TAMS 0x0000000084c8b600, 0x0000000084c00000| Untracked 
|  21|0x0000000084d00000, 0x0000000084d00000, 0x0000000084e00000|  0%| F|  |TAMS 0x0000000084d00000, 0x0000000084d00000| Untracked 
|  22|0x0000000084e00000, 0x0000000084e00000, 0x0000000084f00000|  0%| F|  |TAMS 0x0000000084e00000, 0x0000000084e00000| Untracked 
|  23|0x0000000084f00000, 0x0000000084f00000, 0x0000000085000000|  0%| F|  |TAMS 0x0000000084f00000, 0x0000000084f00000| Untracked 
|  24|0x0000000085000000, 0x0000000085000000, 0x0000000085100000|  0%| F|  |TAMS 0x0000000085000000, 0x0000000085000000| Untracked 
|  25|0x0000000085100000, 0x0000000085100000, 0x0000000085200000|  0%| F|  |TAMS 0x0000000085100000, 0x0000000085100000| Untracked 
|  26|0x0000000085200000, 0x0000000085200000, 0x0000000085300000|  0%| F|  |TAMS 0x0000000085200000, 0x0000000085200000| Untracked 
|  27|0x0000000085300000, 0x0000000085300000, 0x0000000085400000|  0%| F|  |TAMS 0x0000000085300000, 0x0000000085300000| Untracked 
|  28|0x0000000085400000, 0x0000000085400000, 0x0000000085500000|  0%| F|  |TAMS 0x0000000085400000, 0x0000000085400000| Untracked 
|  29|0x0000000085500000, 0x0000000085500000, 0x0000000085600000|  0%| F|  |TAMS 0x0000000085500000, 0x0000000085500000| Untracked 
|  30|0x0000000085600000, 0x0000000085600000, 0x0000000085700000|  0%| F|  |TAMS 0x0000000085600000, 0x0000000085600000| Untracked 
|  31|0x0000000085700000, 0x0000000085700000, 0x0000000085800000|  0%| F|  |TAMS 0x0000000085700000, 0x0000000085700000| Untracked 
|  32|0x0000000085800000, 0x0000000085800000, 0x0000000085900000|  0%| F|  |TAMS 0x0000000085800000, 0x0000000085800000| Untracked 
|  33|0x0000000085900000, 0x0000000085900000, 0x0000000085a00000|  0%| F|  |TAMS 0x0000000085900000, 0x0000000085900000| Untracked 
|  34|0x0000000085a00000, 0x0000000085a00000, 0x0000000085b00000|  0%| F|  |TAMS 0x0000000085a00000, 0x0000000085a00000| Untracked 
|  35|0x0000000085b00000, 0x0000000085b00000, 0x0000000085c00000|  0%| F|  |TAMS 0x0000000085b00000, 0x0000000085b00000| Untracked 
|  36|0x0000000085c00000, 0x0000000085c00000, 0x0000000085d00000|  0%| F|  |TAMS 0x0000000085c00000, 0x0000000085c00000| Untracked 
|  37|0x0000000085d00000, 0x0000000085d00000, 0x0000000085e00000|  0%| F|  |TAMS 0x0000000085d00000, 0x0000000085d00000| Untracked 
|  38|0x0000000085e00000, 0x0000000085e00000, 0x0000000085f00000|  0%| F|  |TAMS 0x0000000085e00000, 0x0000000085e00000| Untracked 
|  39|0x0000000085f00000, 0x0000000085f00000, 0x0000000086000000|  0%| F|  |TAMS 0x0000000085f00000, 0x0000000085f00000| Untracked 
|  40|0x0000000086000000, 0x0000000086000000, 0x0000000086100000|  0%| F|  |TAMS 0x0000000086000000, 0x0000000086000000| Untracked 
|  41|0x0000000086100000, 0x0000000086100000, 0x0000000086200000|  0%| F|  |TAMS 0x0000000086100000, 0x0000000086100000| Untracked 
|  42|0x0000000086200000, 0x0000000086200000, 0x0000000086300000|  0%| F|  |TAMS 0x0000000086200000, 0x0000000086200000| Untracked 
|  43|0x0000000086300000, 0x0000000086300000, 0x0000000086400000|  0%| F|  |TAMS 0x0000000086300000, 0x0000000086300000| Untracked 
|  44|0x0000000086400000, 0x0000000086400000, 0x0000000086500000|  0%| F|  |TAMS 0x0000000086400000, 0x0000000086400000| Untracked 
|  45|0x0000000086500000, 0x0000000086500000, 0x0000000086600000|  0%| F|  |TAMS 0x0000000086500000, 0x0000000086500000| Untracked 
|  46|0x0000000086600000, 0x0000000086600000, 0x0000000086700000|  0%| F|  |TAMS 0x0000000086600000, 0x0000000086600000| Untracked 
|  47|0x0000000086700000, 0x0000000086700000, 0x0000000086800000|  0%| F|  |TAMS 0x0000000086700000, 0x0000000086700000| Untracked 
|  48|0x0000000086800000, 0x0000000086800000, 0x0000000086900000|  0%| F|  |TAMS 0x0000000086800000, 0x0000000086800000| Untracked 
|  49|0x0000000086900000, 0x0000000086900000, 0x0000000086a00000|  0%| F|  |TAMS 0x0000000086900000, 0x0000000086900000| Untracked 
|  50|0x0000000086a00000, 0x0000000086a00000, 0x0000000086b00000|  0%| F|  |TAMS 0x0000000086a00000, 0x0000000086a00000| Untracked 
|  51|0x0000000086b00000, 0x0000000086b00000, 0x0000000086c00000|  0%| F|  |TAMS 0x0000000086b00000, 0x0000000086b00000| Untracked 
|  52|0x0000000086c00000, 0x0000000086c00000, 0x0000000086d00000|  0%| F|  |TAMS 0x0000000086c00000, 0x0000000086c00000| Untracked 
|  53|0x0000000086d00000, 0x0000000086d00000, 0x0000000086e00000|  0%| F|  |TAMS 0x0000000086d00000, 0x0000000086d00000| Untracked 
|  54|0x0000000086e00000, 0x0000000086e00000, 0x0000000086f00000|  0%| F|  |TAMS 0x0000000086e00000, 0x0000000086e00000| Untracked 
|  55|0x0000000086f00000, 0x0000000086f00000, 0x0000000087000000|  0%| F|  |TAMS 0x0000000086f00000, 0x0000000086f00000| Untracked 
|  56|0x0000000087000000, 0x0000000087000000, 0x0000000087100000|  0%| F|  |TAMS 0x0000000087000000, 0x0000000087000000| Untracked 
|  57|0x0000000087100000, 0x0000000087100000, 0x0000000087200000|  0%| F|  |TAMS 0x0000000087100000, 0x0000000087100000| Untracked 
|  58|0x0000000087200000, 0x0000000087200000, 0x0000000087300000|  0%| F|  |TAMS 0x0000000087200000, 0x0000000087200000| Untracked 
|  59|0x0000000087300000, 0x0000000087300000, 0x0000000087400000|  0%| F|  |TAMS 0x0000000087300000, 0x0000000087300000| Untracked 
|  60|0x0000000087400000, 0x0000000087400000, 0x0000000087500000|  0%| F|  |TAMS 0x0000000087400000, 0x0000000087400000| Untracked 
|  61|0x0000000087500000, 0x0000000087500000, 0x0000000087600000|  0%| F|  |TAMS 0x0000000087500000, 0x0000000087500000| Untracked 
|  62|0x0000000087600000, 0x0000000087600000, 0x0000000087700000|  0%| F|  |TAMS 0x0000000087600000, 0x0000000087600000| Untracked 
|  63|0x0000000087700000, 0x0000000087700000, 0x0000000087800000|  0%| F|  |TAMS 0x0000000087700000, 0x0000000087700000| Untracked 
|  64|0x0000000087800000, 0x0000000087800000, 0x0000000087900000|  0%| F|  |TAMS 0x0000000087800000, 0x0000000087800000| Untracked 
|  65|0x0000000087900000, 0x0000000087900000, 0x0000000087a00000|  0%| F|  |TAMS 0x0000000087900000, 0x0000000087900000| Untracked 
|  66|0x0000000087a00000, 0x0000000087a00000, 0x0000000087b00000|  0%| F|  |TAMS 0x0000000087a00000, 0x0000000087a00000| Untracked 
|  67|0x0000000087b00000, 0x0000000087b00000, 0x0000000087c00000|  0%| F|  |TAMS 0x0000000087b00000, 0x0000000087b00000| Untracked 
|  68|0x0000000087c00000, 0x0000000087c00000, 0x0000000087d00000|  0%| F|  |TAMS 0x0000000087c00000, 0x0000000087c00000| Untracked 
|  69|0x0000000087d00000, 0x0000000087d00000, 0x0000000087e00000|  0%| F|  |TAMS 0x0000000087d00000, 0x0000000087d00000| Untracked 
|  70|0x0000000087e00000, 0x0000000087e00000, 0x0000000087f00000|  0%| F|  |TAMS 0x0000000087e00000, 0x0000000087e00000| Untracked 
|  71|0x0000000087f00000, 0x0000000087f00000, 0x0000000088000000|  0%| F|  |TAMS 0x0000000087f00000, 0x0000000087f00000| Untracked 
|  72|0x0000000088000000, 0x0000000088000000, 0x0000000088100000|  0%| F|  |TAMS 0x0000000088000000, 0x0000000088000000| Untracked 
|  73|0x0000000088100000, 0x0000000088100000, 0x0000000088200000|  0%| F|  |TAMS 0x0000000088100000, 0x0000000088100000| Untracked 
|  74|0x0000000088200000, 0x0000000088200000, 0x0000000088300000|  0%| F|  |TAMS 0x0000000088200000, 0x0000000088200000| Untracked 
|  75|0x0000000088300000, 0x0000000088300000, 0x0000000088400000|  0%| F|  |TAMS 0x0000000088300000, 0x0000000088300000| Untracked 
|  76|0x0000000088400000, 0x0000000088400000, 0x0000000088500000|  0%| F|  |TAMS 0x0000000088400000, 0x0000000088400000| Untracked 
|  77|0x0000000088500000, 0x00000000885bbcb0, 0x0000000088600000| 73%| S|CS|TAMS 0x0000000088500000, 0x0000000088500000| Complete 
|  78|0x0000000088600000, 0x0000000088700000, 0x0000000088700000|100%| S|CS|TAMS 0x0000000088600000, 0x0000000088600000| Complete 
|  79|0x0000000088700000, 0x0000000088800000, 0x0000000088800000|100%| S|CS|TAMS 0x0000000088700000, 0x0000000088700000| Complete 
|  80|0x0000000088800000, 0x0000000088900000, 0x0000000088900000|100%| S|CS|TAMS 0x0000000088800000, 0x0000000088800000| Complete 
|  81|0x0000000088900000, 0x0000000088a00000, 0x0000000088a00000|100%| S|CS|TAMS 0x0000000088900000, 0x0000000088900000| Complete 
|  82|0x0000000088a00000, 0x0000000088a00000, 0x0000000088b00000|  0%| F|  |TAMS 0x0000000088a00000, 0x0000000088a00000| Untracked 
|  83|0x0000000088b00000, 0x0000000088b00000, 0x0000000088c00000|  0%| F|  |TAMS 0x0000000088b00000, 0x0000000088b00000| Untracked 
|  84|0x0000000088c00000, 0x0000000088c00000, 0x0000000088d00000|  0%| F|  |TAMS 0x0000000088c00000, 0x0000000088c00000| Untracked 
|  85|0x0000000088d00000, 0x0000000088d00000, 0x0000000088e00000|  0%| F|  |TAMS 0x0000000088d00000, 0x0000000088d00000| Untracked 
|  86|0x0000000088e00000, 0x0000000088e00000, 0x0000000088f00000|  0%| F|  |TAMS 0x0000000088e00000, 0x0000000088e00000| Untracked 
|  87|0x0000000088f00000, 0x0000000088f00000, 0x0000000089000000|  0%| F|  |TAMS 0x0000000088f00000, 0x0000000088f00000| Untracked 
|  88|0x0000000089000000, 0x0000000089000000, 0x0000000089100000|  0%| F|  |TAMS 0x0000000089000000, 0x0000000089000000| Untracked 
|  89|0x0000000089100000, 0x0000000089100000, 0x0000000089200000|  0%| F|  |TAMS 0x0000000089100000, 0x0000000089100000| Untracked 
|  90|0x0000000089200000, 0x0000000089200000, 0x0000000089300000|  0%| F|  |TAMS 0x0000000089200000, 0x0000000089200000| Untracked 
|  91|0x0000000089300000, 0x0000000089300000, 0x0000000089400000|  0%| F|  |TAMS 0x0000000089300000, 0x0000000089300000| Untracked 
|  92|0x0000000089400000, 0x0000000089400000, 0x0000000089500000|  0%| F|  |TAMS 0x0000000089400000, 0x0000000089400000| Untracked 
|  93|0x0000000089500000, 0x0000000089500000, 0x0000000089600000|  0%| F|  |TAMS 0x0000000089500000, 0x0000000089500000| Untracked 
|  94|0x0000000089600000, 0x0000000089600000, 0x0000000089700000|  0%| F|  |TAMS 0x0000000089600000, 0x0000000089600000| Untracked 
|  95|0x0000000089700000, 0x0000000089700000, 0x0000000089800000|  0%| F|  |TAMS 0x0000000089700000, 0x0000000089700000| Untracked 
|  96|0x0000000089800000, 0x0000000089800000, 0x0000000089900000|  0%| F|  |TAMS 0x0000000089800000, 0x0000000089800000| Untracked 
|  97|0x0000000089900000, 0x0000000089900000, 0x0000000089a00000|  0%| F|  |TAMS 0x0000000089900000, 0x0000000089900000| Untracked 
|  98|0x0000000089a00000, 0x0000000089a00000, 0x0000000089b00000|  0%| F|  |TAMS 0x0000000089a00000, 0x0000000089a00000| Untracked 
|  99|0x0000000089b00000, 0x0000000089b00000, 0x0000000089c00000|  0%| F|  |TAMS 0x0000000089b00000, 0x0000000089b00000| Untracked 
| 100|0x0000000089c00000, 0x0000000089c00000, 0x0000000089d00000|  0%| F|  |TAMS 0x0000000089c00000, 0x0000000089c00000| Untracked 
| 101|0x0000000089d00000, 0x0000000089d00000, 0x0000000089e00000|  0%| F|  |TAMS 0x0000000089d00000, 0x0000000089d00000| Untracked 
| 102|0x0000000089e00000, 0x0000000089e00000, 0x0000000089f00000|  0%| F|  |TAMS 0x0000000089e00000, 0x0000000089e00000| Untracked 
| 103|0x0000000089f00000, 0x0000000089f00000, 0x000000008a000000|  0%| F|  |TAMS 0x0000000089f00000, 0x0000000089f00000| Untracked 
| 104|0x000000008a000000, 0x000000008a000000, 0x000000008a100000|  0%| F|  |TAMS 0x000000008a000000, 0x000000008a000000| Untracked 
| 105|0x000000008a100000, 0x000000008a100000, 0x000000008a200000|  0%| F|  |TAMS 0x000000008a100000, 0x000000008a100000| Untracked 
| 106|0x000000008a200000, 0x000000008a200000, 0x000000008a300000|  0%| F|  |TAMS 0x000000008a200000, 0x000000008a200000| Untracked 
| 107|0x000000008a300000, 0x000000008a300000, 0x000000008a400000|  0%| F|  |TAMS 0x000000008a300000, 0x000000008a300000| Untracked 
| 108|0x000000008a400000, 0x000000008a400000, 0x000000008a500000|  0%| F|  |TAMS 0x000000008a400000, 0x000000008a400000| Untracked 
| 109|0x000000008a500000, 0x000000008a500000, 0x000000008a600000|  0%| F|  |TAMS 0x000000008a500000, 0x000000008a500000| Untracked 
| 110|0x000000008a600000, 0x000000008a600000, 0x000000008a700000|  0%| F|  |TAMS 0x000000008a600000, 0x000000008a600000| Untracked 
| 111|0x000000008a700000, 0x000000008a700000, 0x000000008a800000|  0%| F|  |TAMS 0x000000008a700000, 0x000000008a700000| Untracked 
| 112|0x000000008a800000, 0x000000008a800000, 0x000000008a900000|  0%| F|  |TAMS 0x000000008a800000, 0x000000008a800000| Untracked 
| 113|0x000000008a900000, 0x000000008a900000, 0x000000008aa00000|  0%| F|  |TAMS 0x000000008a900000, 0x000000008a900000| Untracked 
| 114|0x000000008aa00000, 0x000000008aa00000, 0x000000008ab00000|  0%| F|  |TAMS 0x000000008aa00000, 0x000000008aa00000| Untracked 
| 115|0x000000008ab00000, 0x000000008ab00000, 0x000000008ac00000|  0%| F|  |TAMS 0x000000008ab00000, 0x000000008ab00000| Untracked 
| 116|0x000000008ac00000, 0x000000008ac00000, 0x000000008ad00000|  0%| F|  |TAMS 0x000000008ac00000, 0x000000008ac00000| Untracked 
| 117|0x000000008ad00000, 0x000000008ad00000, 0x000000008ae00000|  0%| F|  |TAMS 0x000000008ad00000, 0x000000008ad00000| Untracked 
| 118|0x000000008ae00000, 0x000000008ae00000, 0x000000008af00000|  0%| F|  |TAMS 0x000000008ae00000, 0x000000008ae00000| Untracked 
| 119|0x000000008af00000, 0x000000008af00000, 0x000000008b000000|  0%| F|  |TAMS 0x000000008af00000, 0x000000008af00000| Untracked 
| 120|0x000000008b000000, 0x000000008b000000, 0x000000008b100000|  0%| F|  |TAMS 0x000000008b000000, 0x000000008b000000| Untracked 
| 121|0x000000008b100000, 0x000000008b100000, 0x000000008b200000|  0%| F|  |TAMS 0x000000008b100000, 0x000000008b100000| Untracked 
| 122|0x000000008b200000, 0x000000008b200000, 0x000000008b300000|  0%| F|  |TAMS 0x000000008b200000, 0x000000008b200000| Untracked 
| 123|0x000000008b300000, 0x000000008b300000, 0x000000008b400000|  0%| F|  |TAMS 0x000000008b300000, 0x000000008b300000| Untracked 
| 124|0x000000008b400000, 0x000000008b400000, 0x000000008b500000|  0%| F|  |TAMS 0x000000008b400000, 0x000000008b400000| Untracked 
| 125|0x000000008b500000, 0x000000008b500000, 0x000000008b600000|  0%| F|  |TAMS 0x000000008b500000, 0x000000008b500000| Untracked 

Card table byte_map: [0x00000231e5aa0000,0x00000231e5e90000] _byte_map_base: 0x00000231e5684000

Marking Bits (Prev, Next): (CMBitMap*) 0x00000231d269c028, (CMBitMap*) 0x00000231d269c060
 Prev Bits: [0x00000231e6280000, 0x00000231e81a0000)
 Next Bits: [0x00000231e81a0000, 0x00000231ea0c0000)

Polling page: 0x00000231d05e0000

Metaspace:

Usage:
  Non-class:     37.45 MB capacity,    37.14 MB (>99%) used,   264.35 KB ( <1%) free+waste,    62.00 KB ( <1%) overhead. 
      Class:      5.31 MB capacity,     5.10 MB ( 96%) used,   186.23 KB (  3%) free+waste,    27.94 KB ( <1%) overhead. 
       Both:     42.76 MB capacity,    42.23 MB ( 99%) used,   450.59 KB (  1%) free+waste,    89.94 KB ( <1%) overhead. 

Virtual space:
  Non-class space:       38.00 MB reserved,      37.67 MB (>99%) committed 
      Class space:        1.00 GB reserved,       5.38 MB ( <1%) committed 
             Both:        1.04 GB reserved,      43.05 MB (  4%) committed 

Chunk freelists:
   Non-Class:  31.00 KB
       Class:  6.00 KB
        Both:  37.00 KB

MaxMetaspaceSize: 17179869184.00 GB
CompressedClassSpaceSize: 1.00 GB

CodeHeap 'non-profiled nmethods': size=120000Kb used=1234Kb max_used=1234Kb free=118765Kb
 bounds [0x00000231ddc30000, 0x00000231ddea0000, 0x00000231e5160000]
CodeHeap 'profiled nmethods': size=120000Kb used=5729Kb max_used=5729Kb free=114270Kb
 bounds [0x00000231d6700000, 0x00000231d6ca0000, 0x00000231ddc30000]
CodeHeap 'non-nmethods': size=5760Kb used=1191Kb max_used=1240Kb free=4568Kb
 bounds [0x00000231d6160000, 0x00000231d63d0000, 0x00000231d6700000]
 total_blobs=3474 nmethods=2922 adapters=463
 compilation: enabled
              stopped_count=0, restarted_count=0
 full_count=0

Compilation events (20 events):
Event: 2.322 Thread 0x00000231ecd4d800 2912       3       org.jetbrains.kotlin.com.intellij.util.containers.FastUtilCaseInsensitiveStringHashingStrategy::hashCode (13 bytes)
Event: 2.322 Thread 0x00000231ecd4d800 nmethod 2912 0x00000231d6c8d810 code [0x00000231d6c8da40, 0x00000231d6c8e028]
Event: 2.322 Thread 0x00000231ecd4d800 2913       3       org.jetbrains.kotlin.com.intellij.openapi.util.text.StringUtil::stringHashCodeInsensitive (14 bytes)
Event: 2.322 Thread 0x00000231ecd4d800 nmethod 2913 0x00000231d6c8e290 code [0x00000231d6c8e4c0, 0x00000231d6c8e978]
Event: 2.322 Thread 0x00000231ecd4d800 2914       3       org.jetbrains.kotlin.com.intellij.openapi.util.text.Strings::stringHashCodeInsensitive (14 bytes)
Event: 2.322 Thread 0x00000231ecd4d800 nmethod 2914 0x00000231d6c8eb90 code [0x00000231d6c8eda0, 0x00000231d6c8f188]
Event: 2.322 Thread 0x00000231ecd4d800 2918       3       org.jetbrains.kotlin.com.intellij.openapi.vfs.VirtualFile::getFileType (17 bytes)
Event: 2.322 Thread 0x00000231ecd4d800 nmethod 2918 0x00000231d6c8f310 code [0x00000231d6c8f4e0, 0x00000231d6c8f748]
Event: 2.322 Thread 0x00000231ecd4d800 2919       3       org.jetbrains.kotlin.com.intellij.core.CoreFileTypeRegistry::getFileTypeByFile (54 bytes)
Event: 2.323 Thread 0x00000231ecd4d800 nmethod 2919 0x00000231d6c8f890 code [0x00000231d6c8fb20, 0x00000231d6c90568]
Event: 2.323 Thread 0x00000231ecd4d800 2915       3       org.jetbrains.kotlin.com.intellij.openapi.util.text.StringUtilRt::stringHashCodeInsensitive (21 bytes)
Event: 2.323 Thread 0x00000231ecd4d800 nmethod 2915 0x00000231d6c90810 code [0x00000231d6c90a00, 0x00000231d6c90d18]
Event: 2.323 Thread 0x00000231ecd4d800 2916       3       org.jetbrains.kotlin.com.intellij.openapi.util.text.StringUtilRt::stringHashCodeInsensitive (17 bytes)
Event: 2.323 Thread 0x00000231ecd4d800 nmethod 2916 0x00000231d6c90e90 code [0x00000231d6c91060, 0x00000231d6c911f8]
Event: 2.323 Thread 0x00000231ecd4d800 2920       1       org.jetbrains.kotlin.com.intellij.mock.MockComponentManager::isDisposed (5 bytes)
Event: 2.323 Thread 0x00000231ecd4d800 nmethod 2920 0x00000231ddd63d90 code [0x00000231ddd63f40, 0x00000231ddd63ff8]
Event: 2.324 Thread 0x00000231ecd4d800 2921       3       java.lang.invoke.TypeConvertingMethodAdapter::convertType (299 bytes)
Event: 2.324 Thread 0x00000231ed81f800 2922   !   4       jdk.internal.ref.PhantomCleanable::remove (60 bytes)
Event: 2.326 Thread 0x00000231ecd4d800 nmethod 2921 0x00000231d6c91310 code [0x00000231d6c91c20, 0x00000231d6c96908]
Event: 2.330 Thread 0x00000231ed81f800 nmethod 2922 0x00000231ddd64090 code [0x00000231ddd64220, 0x00000231ddd64818]

GC Heap History (9 events):
Event: 0.429 GC heap before
{Heap before GC invocations=0 (full 0):
 garbage-first heap   total 129024K, used 27648K [0x0000000083800000, 0x0000000100000000)
  region size 1024K, 24 young (24576K), 0 survivors (0K)
 Metaspace       used 12387K, capacity 12504K, committed 12800K, reserved 1060864K
  class space    used 1168K, capacity 1207K, committed 1280K, reserved 1048576K
}
Event: 0.433 GC heap after
{Heap after GC invocations=1 (full 0):
 garbage-first heap   total 129024K, used 5951K [0x0000000083800000, 0x0000000100000000)
  region size 1024K, 3 young (3072K), 3 survivors (3072K)
 Metaspace       used 12387K, capacity 12504K, committed 12800K, reserved 1060864K
  class space    used 1168K, capacity 1207K, committed 1280K, reserved 1048576K
}
Event: 0.938 GC heap before
{Heap before GC invocations=1 (full 0):
 garbage-first heap   total 129024K, used 41791K [0x0000000083800000, 0x0000000100000000)
  region size 1024K, 39 young (39936K), 3 survivors (3072K)
 Metaspace       used 20920K, capacity 21109K, committed 21296K, reserved 1069056K
  class space    used 2222K, capacity 2319K, committed 2432K, reserved 1048576K
}
Event: 0.950 GC heap after
{Heap after GC invocations=2 (full 0):
 garbage-first heap   total 129024K, used 9216K [0x0000000083800000, 0x0000000100000000)
  region size 1024K, 6 young (6144K), 6 survivors (6144K)
 Metaspace       used 20920K, capacity 21109K, committed 21296K, reserved 1069056K
  class space    used 2222K, capacity 2319K, committed 2432K, reserved 1048576K
}
Event: 1.696 GC heap before
{Heap before GC invocations=3 (full 0):
 garbage-first heap   total 129024K, used 63488K [0x0000000083800000, 0x0000000100000000)
  region size 1024K, 54 young (55296K), 6 survivors (6144K)
 Metaspace       used 32435K, capacity 32918K, committed 33200K, reserved 1079296K
  class space    used 3896K, capacity 4074K, committed 4096K, reserved 1048576K
}
Event: 1.712 GC heap after
{Heap after GC invocations=4 (full 0):
 garbage-first heap   total 129024K, used 20794K [0x0000000083800000, 0x0000000100000000)
  region size 1024K, 7 young (7168K), 7 survivors (7168K)
 Metaspace       used 32435K, capacity 32918K, committed 33200K, reserved 1079296K
  class space    used 3896K, capacity 4074K, committed 4096K, reserved 1048576K
}
Event: 1.831 GC heap before
{Heap before GC invocations=4 (full 0):
 garbage-first heap   total 129024K, used 30010K [0x0000000083800000, 0x0000000100000000)
  region size 1024K, 17 young (17408K), 7 survivors (7168K)
 Metaspace       used 35271K, capacity 35708K, committed 35888K, reserved 1081344K
  class space    used 4429K, capacity 4620K, committed 4736K, reserved 1048576K
}
Event: 1.840 GC heap after
{Heap after GC invocations=5 (full 0):
 garbage-first heap   total 129024K, used 22490K [0x0000000083800000, 0x0000000100000000)
  region size 1024K, 2 young (2048K), 2 survivors (2048K)
 Metaspace       used 35271K, capacity 35708K, committed 35888K, reserved 1081344K
  class space    used 4429K, capacity 4620K, committed 4736K, reserved 1048576K
}
Event: 2.333 GC heap before
{Heap before GC invocations=6 (full 0):
 garbage-first heap   total 129024K, used 65498K [0x0000000083800000, 0x0000000100000000)
  region size 1024K, 44 young (45056K), 2 survivors (2048K)
 Metaspace       used 43246K, capacity 43787K, committed 44080K, reserved 1087488K
  class space    used 5219K, capacity 5434K, committed 5504K, reserved 1048576K
}

Deoptimization events (20 events):
Event: 2.134 Thread 0x00000231d265e000 DEOPT PACKING pc=0x00000231ddd52dd0 sp=0x0000009f473fd3d0
Event: 2.134 Thread 0x00000231d265e000 DEOPT UNPACKING pc=0x00000231d618662f sp=0x0000009f473fd370 mode 2
Event: 2.134 Thread 0x00000231d265e000 Uncommon trap: trap_request=0xffffffd6 fr.pc=0x00000231ddd52dd0 relative=0x00000000000004f0
Event: 2.134 Thread 0x00000231d265e000 Uncommon trap: reason=array_check action=maybe_recompile pc=0x00000231ddd52dd0 method=java.util.AbstractCollection.toArray([Ljava/lang/Object;)[Ljava/lang/Object; @ 116 c2
Event: 2.134 Thread 0x00000231d265e000 DEOPT PACKING pc=0x00000231ddd52dd0 sp=0x0000009f473fd3d0
Event: 2.134 Thread 0x00000231d265e000 DEOPT UNPACKING pc=0x00000231d618662f sp=0x0000009f473fd370 mode 2
Event: 2.134 Thread 0x00000231d265e000 Uncommon trap: trap_request=0xffffffd6 fr.pc=0x00000231ddd52dd0 relative=0x00000000000004f0
Event: 2.134 Thread 0x00000231d265e000 Uncommon trap: reason=array_check action=maybe_recompile pc=0x00000231ddd52dd0 method=java.util.AbstractCollection.toArray([Ljava/lang/Object;)[Ljava/lang/Object; @ 116 c2
Event: 2.134 Thread 0x00000231d265e000 DEOPT PACKING pc=0x00000231ddd52dd0 sp=0x0000009f473fd3d0
Event: 2.134 Thread 0x00000231d265e000 DEOPT UNPACKING pc=0x00000231d618662f sp=0x0000009f473fd370 mode 2
Event: 2.134 Thread 0x00000231d265e000 Uncommon trap: trap_request=0xffffffd6 fr.pc=0x00000231ddd52dd0 relative=0x00000000000004f0
Event: 2.134 Thread 0x00000231d265e000 Uncommon trap: reason=array_check action=maybe_recompile pc=0x00000231ddd52dd0 method=java.util.AbstractCollection.toArray([Ljava/lang/Object;)[Ljava/lang/Object; @ 116 c2
Event: 2.134 Thread 0x00000231d265e000 DEOPT PACKING pc=0x00000231ddd52dd0 sp=0x0000009f473fd3d0
Event: 2.134 Thread 0x00000231d265e000 DEOPT UNPACKING pc=0x00000231d618662f sp=0x0000009f473fd370 mode 2
Event: 2.257 Thread 0x00000231d265e000 Uncommon trap: trap_request=0xffffff4d fr.pc=0x00000231ddc5a188 relative=0x0000000000000448
Event: 2.257 Thread 0x00000231d265e000 Uncommon trap: reason=unstable_if action=reinterpret pc=0x00000231ddc5a188 method=java.lang.StringLatin1.indexOf([BI[BII)I @ 27 c2
Event: 2.257 Thread 0x00000231d265e000 DEOPT PACKING pc=0x00000231ddc5a188 sp=0x0000009f473fbb00
Event: 2.257 Thread 0x00000231d265e000 DEOPT UNPACKING pc=0x00000231d618662f sp=0x0000009f473fba60 mode 2
Event: 2.315 Thread 0x00000231d265e000 DEOPT PACKING pc=0x00000231d69c1e5b sp=0x0000009f473fdaa0
Event: 2.315 Thread 0x00000231d265e000 DEOPT UNPACKING pc=0x00000231d6186dde sp=0x0000009f473fcf40 mode 0

Classes redefined (0 events):
No events

Internal exceptions (20 events):
Event: 0.961 Thread 0x00000231d265e000 Exception <a 'java/lang/NoSuchMethodError'{0x000000008b5826c8}: 'long java.lang.invoke.DirectMethodHandle$Holder.invokeStaticInit(java.lang.Object)'> (0x000000008b5826c8) thrown at [./src/hotspot/share/interpreter/linkResolver.cpp, line 773]
Event: 1.009 Thread 0x00000231d265e000 Exception <a 'java/lang/NoSuchMethodError'{0x000000008b12cc98}: 'int java.lang.invoke.DirectMethodHandle$Holder.invokeStaticInit(java.lang.Object, java.lang.Object, java.lang.Object)'> (0x000000008b12cc98) thrown at [./src/hotspot/share/interpreter/linkResolver.cpp, line 773]
Event: 1.012 Thread 0x00000231d265e000 Exception <a 'java/lang/NoSuchMethodError'{0x000000008b158288}: 'int java.lang.invoke.DirectMethodHandle$Holder.invokeStaticInit(java.lang.Object, java.lang.Object)'> (0x000000008b158288) thrown at [./src/hotspot/share/interpreter/linkResolver.cpp, line 773]
Event: 1.043 Thread 0x00000231d265e000 Exception <a 'java/lang/NoSuchMethodError'{0x000000008af6b3c0}: 'void java.lang.invoke.DirectMethodHandle$Holder.invokeSpecial(java.lang.Object, java.lang.Object)'> (0x000000008af6b3c0) thrown at [./src/hotspot/share/interpreter/linkResolver.cpp, line 773]
Event: 1.164 Thread 0x00000231d265e000 Exception <a 'java/lang/NoSuchMethodError'{0x000000008a601458}: 'java.lang.Object java.lang.invoke.DirectMethodHandle$Holder.invokeStatic(java.lang.Object, java.lang.Object, java.lang.Object, java.lang.Object, java.lang.Object, java.lang.Object, java.lang.Object, java.lang.Object, java.lang.Object, java.lang.Object, java.lang.Object, java.lang.Object, java.lang.Object, java.lang.Object, java.lang.Object)'> (0x000000008a601458) thrown at [./src/hotspot/share/interpreter/linkResolver.cpp, line 773]
Event: 1.164 Thread 0x00000231d265e000 Exception <a 'java/lang/NoSuchMethodError'{0x000000008a60f460}: 'java.lang.Object java.lang.invoke.DirectMethodHandle$Holder.invokeStatic(java.lang.Object, java.lang.Object, java.lang.Object, java.lang.Object, java.lang.Object, java.lang.Object, java.lang.Object, java.lang.Object, java.lang.Object, java.lang.Object, java.lang.Object, java.lang.Object, java.lang.Object, java.lang.Object, java.lang.Object, java.lang.Object)'> (0x000000008a60f460) thrown at [./src/hotspot/share/interpreter/linkResolver.cpp, l
Event: 1.165 Thread 0x00000231d265e000 Exception <a 'java/lang/NoSuchMethodError'{0x000000008a61d378}: 'java.lang.Object java.lang.invoke.DirectMethodHandle$Holder.invokeSpecial(java.lang.Object, java.lang.Object, int, int, java.lang.Object, java.lang.Object, java.lang.Object)'> (0x000000008a61d378) thrown at [./src/hotspot/share/interpreter/linkResolver.cpp, line 773]
Event: 1.165 Thread 0x00000231d265e000 Exception <a 'java/lang/NoSuchMethodError'{0x000000008a620bb0}: 'java.lang.Object java.lang.invoke.DelegatingMethodHandle$Holder.reinvoke_L(java.lang.Object, int, int, java.lang.Object, java.lang.Object, java.lang.Object)'> (0x000000008a620bb0) thrown at [./src/hotspot/share/interpreter/linkResolver.cpp, line 773]
Event: 1.166 Thread 0x00000231d265e000 Exception <a 'java/lang/NoSuchMethodError'{0x000000008a624f38}: 'java.lang.Object java.lang.invoke.DirectMethodHandle$Holder.invokeStatic(java.lang.Object, java.lang.Object, java.lang.Object, java.lang.Object, int)'> (0x000000008a624f38) thrown at [./src/hotspot/share/interpreter/linkResolver.cpp, line 773]
Event: 1.199 Thread 0x00000231d265e000 Exception <a 'sun/nio/fs/WindowsException'{0x000000008a564bf0}> (0x000000008a564bf0) thrown at [./src/hotspot/share/prims/jni.cpp, line 615]
Event: 1.199 Thread 0x00000231d265e000 Exception <a 'sun/nio/fs/WindowsException'{0x000000008a565468}> (0x000000008a565468) thrown at [./src/hotspot/share/prims/jni.cpp, line 615]
Event: 1.199 Thread 0x00000231d265e000 Exception <a 'sun/nio/fs/WindowsException'{0x000000008a565cf0}> (0x000000008a565cf0) thrown at [./src/hotspot/share/prims/jni.cpp, line 615]
Event: 1.199 Thread 0x00000231d265e000 Exception <a 'sun/nio/fs/WindowsException'{0x000000008a5666e8}> (0x000000008a5666e8) thrown at [./src/hotspot/share/prims/jni.cpp, line 615]
Event: 1.199 Thread 0x00000231d265e000 Exception <a 'sun/nio/fs/WindowsException'{0x000000008a566ff0}> (0x000000008a566ff0) thrown at [./src/hotspot/share/prims/jni.cpp, line 615]
Event: 1.199 Thread 0x00000231d265e000 Exception <a 'sun/nio/fs/WindowsException'{0x000000008a567928}> (0x000000008a567928) thrown at [./src/hotspot/share/prims/jni.cpp, line 615]
Event: 1.201 Thread 0x00000231d265e000 Exception <a 'java/lang/NoSuchMethodError'{0x000000008a56e138}: 'void java.lang.invoke.DirectMethodHandle$Holder.invokeStatic(java.lang.Object, java.lang.Object, java.lang.Object, java.lang.Object)'> (0x000000008a56e138) thrown at [./src/hotspot/share/interpreter/linkResolver.cpp, line 773]
Event: 1.252 Thread 0x00000231d265e000 Exception <a 'java/lang/NoSuchMethodError'{0x000000008a14d0c8}: 'void java.lang.invoke.DirectMethodHandle$Holder.invokeStaticInit(java.lang.Object, java.lang.Object)'> (0x000000008a14d0c8) thrown at [./src/hotspot/share/interpreter/linkResolver.cpp, line 773]
Event: 1.350 Thread 0x00000231d265e000 Exception <a 'java/lang/NoSuchMethodError'{0x0000000089a83870}: 'void java.lang.invoke.DirectMethodHandle$Holder.invokeVirtual(java.lang.Object, java.lang.Object)'> (0x0000000089a83870) thrown at [./src/hotspot/share/interpreter/linkResolver.cpp, line 773]
Event: 1.356 Thread 0x00000231d265e000 Exception <a 'java/lang/NoSuchMethodError'{0x0000000089af4b70}: 'int java.lang.invoke.DirectMethodHandle$Holder.invokeVirtual(java.lang.Object, java.lang.Object)'> (0x0000000089af4b70) thrown at [./src/hotspot/share/interpreter/linkResolver.cpp, line 773]
Event: 1.918 Thread 0x00000231d265e000 Exception <a 'java/lang/NoSuchMethodError'{0x000000008b059628}: 'java.lang.Object java.lang.invoke.DirectMethodHandle$Holder.invokeVirtual(java.lang.Object, java.lang.Object, java.lang.Object)'> (0x000000008b059628) thrown at [./src/hotspot/share/interpreter/linkResolver.cpp, line 773]

Events (20 events):
Event: 2.331 loading class org/jetbrains/kotlin/konan/util/KlibMetadataFactories done
Event: 2.331 loading class org/jetbrains/kotlin/cli/jvm/compiler/TopDownAnalyzerFacadeForJVMKt$jvmFactories$1
Event: 2.331 loading class org/jetbrains/kotlin/cli/jvm/compiler/TopDownAnalyzerFacadeForJVMKt$jvmFactories$1 done
Event: 2.331 loading class org/jetbrains/kotlin/library/metadata/NullFlexibleTypeDeserializer
Event: 2.331 loading class org/jetbrains/kotlin/library/metadata/NullFlexibleTypeDeserializer done
Event: 2.331 loading class org/jetbrains/kotlin/descriptors/konan/impl/KlibModuleDescriptorFactoryImpl
Event: 2.331 loading class org/jetbrains/kotlin/descriptors/konan/impl/KlibModuleDescriptorFactoryImpl done
Event: 2.331 loading class org/jetbrains/kotlin/descriptors/konan/KlibModuleDescriptorFactory
Event: 2.331 loading class org/jetbrains/kotlin/descriptors/konan/KlibModuleDescriptorFactory done
Event: 2.331 loading class org/jetbrains/kotlin/backend/common/serialization/metadata/impl/KlibMetadataDeserializedPackageFragmentsFactoryImpl
Event: 2.331 loading class org/jetbrains/kotlin/backend/common/serialization/metadata/impl/KlibMetadataDeserializedPackageFragmentsFactoryImpl done
Event: 2.332 loading class org/jetbrains/kotlin/backend/common/serialization/metadata/KlibMetadataDeserializedPackageFragmentsFactory
Event: 2.332 loading class org/jetbrains/kotlin/backend/common/serialization/metadata/KlibMetadataDeserializedPackageFragmentsFactory done
Event: 2.332 loading class org/jetbrains/kotlin/serialization/konan/impl/KlibMetadataModuleDescriptorFactoryImpl
Event: 2.332 loading class org/jetbrains/kotlin/serialization/konan/impl/KlibMetadataModuleDescriptorFactoryImpl done
Event: 2.332 loading class org/jetbrains/kotlin/backend/common/serialization/metadata/KlibMetadataModuleDescriptorFactory
Event: 2.332 loading class org/jetbrains/kotlin/backend/common/serialization/metadata/KlibMetadataModuleDescriptorFactory done
Event: 2.333 loading class org/jetbrains/kotlin/serialization/konan/impl/KlibResolvedModuleDescriptorsFactoryImpl
Event: 2.333 loading class org/jetbrains/kotlin/serialization/konan/impl/KlibResolvedModuleDescriptorsFactoryImpl done
Event: 2.333 Executing VM operation: G1CollectForAllocation


Dynamic libraries:
0x00007ff6e79b0000 - 0x00007ff6e79ba000 	C:\Program Files\Android\Android Studio\jre\bin\java.exe
0x00007ffbd90c0000 - 0x00007ffbd92c9000 	C:\WINDOWS\SYSTEM32\ntdll.dll
0x00007ffbd80b0000 - 0x00007ffbd816d000 	C:\WINDOWS\System32\KERNEL32.DLL
0x00007ffbd66f0000 - 0x00007ffbd6a64000 	C:\WINDOWS\System32\KERNELBASE.dll
0x00007ffbd6dc0000 - 0x00007ffbd6ed1000 	C:\WINDOWS\System32\ucrtbase.dll
0x00007ffb64ed0000 - 0x00007ffb64ee9000 	C:\Program Files\Android\Android Studio\jre\bin\jli.dll
0x00007ffb93070000 - 0x00007ffb93087000 	C:\Program Files\Android\Android Studio\jre\bin\VCRUNTIME140.dll
0x00007ffbd6fd0000 - 0x00007ffbd717c000 	C:\WINDOWS\System32\USER32.dll
0x00007ffbb36b0000 - 0x00007ffbb3955000 	C:\WINDOWS\WinSxS\amd64_microsoft.windows.common-controls_6595b64144ccf1df_6.0.22000.120_none_9d947278b86cc467\COMCTL32.dll
0x00007ffbd66c0000 - 0x00007ffbd66e6000 	C:\WINDOWS\System32\win32u.dll
0x00007ffbd8e80000 - 0x00007ffbd8ea9000 	C:\WINDOWS\System32\GDI32.dll
0x00007ffbd89e0000 - 0x00007ffbd8a83000 	C:\WINDOWS\System32\msvcrt.dll
0x00007ffbd6a70000 - 0x00007ffbd6b82000 	C:\WINDOWS\System32\gdi32full.dll
0x00007ffbd6620000 - 0x00007ffbd66bd000 	C:\WINDOWS\System32\msvcp_win.dll
0x00007ffbd8b10000 - 0x00007ffbd8b41000 	C:\WINDOWS\System32\IMM32.DLL
0x00007ffb64e30000 - 0x00007ffb64ecd000 	C:\Program Files\Android\Android Studio\jre\bin\msvcp140.dll
0x00007ffb6bf20000 - 0x00007ffb6c9f5000 	C:\Program Files\Android\Android Studio\jre\bin\server\jvm.dll
0x00007ffbd7180000 - 0x00007ffbd722e000 	C:\WINDOWS\System32\ADVAPI32.dll
0x00007ffbd7290000 - 0x00007ffbd732e000 	C:\WINDOWS\System32\sechost.dll
0x00007ffbd8b50000 - 0x00007ffbd8c70000 	C:\WINDOWS\System32\RPCRT4.dll
0x00007ffbd7c00000 - 0x00007ffbd7c08000 	C:\WINDOWS\System32\PSAPI.DLL
0x00007ffbb57e0000 - 0x00007ffbb57e9000 	C:\WINDOWS\SYSTEM32\WSOCK32.dll
0x00007ffbd8500000 - 0x00007ffbd856f000 	C:\WINDOWS\System32\WS2_32.dll
0x00007ffbd0500000 - 0x00007ffbd0533000 	C:\WINDOWS\SYSTEM32\WINMM.dll
0x00007ffbd0300000 - 0x00007ffbd030a000 	C:\WINDOWS\SYSTEM32\VERSION.dll
0x00007ffbd57a0000 - 0x00007ffbd57b8000 	C:\WINDOWS\SYSTEM32\kernel.appcore.dll
0x00007ffbd05b0000 - 0x00007ffbd05c1000 	C:\Program Files\Android\Android Studio\jre\bin\verify.dll
0x00007ffbd41b0000 - 0x00007ffbd43d1000 	C:\WINDOWS\SYSTEM32\DBGHELP.DLL
0x00007ffbb5bc0000 - 0x00007ffbb5bf1000 	C:\WINDOWS\SYSTEM32\dbgcore.DLL
0x00007ffbd6ee0000 - 0x00007ffbd6f5f000 	C:\WINDOWS\System32\bcryptPrimitives.dll
0x00007ffbd0580000 - 0x00007ffbd05a9000 	C:\Program Files\Android\Android Studio\jre\bin\java.dll
0x00007ffbd1680000 - 0x00007ffbd168b000 	C:\Program Files\Android\Android Studio\jre\bin\jimage.dll
0x00007ffbae130000 - 0x00007ffbae148000 	C:\Program Files\Android\Android Studio\jre\bin\zip.dll
0x00007ffbd7330000 - 0x00007ffbd7adf000 	C:\WINDOWS\System32\SHELL32.dll
0x00007ffbd4660000 - 0x00007ffbd4ec8000 	C:\WINDOWS\SYSTEM32\windows.storage.dll
0x00007ffbd8170000 - 0x00007ffbd84e8000 	C:\WINDOWS\System32\combase.dll
0x00007ffbd44f0000 - 0x00007ffbd4656000 	C:\WINDOWS\SYSTEM32\wintypes.dll
0x00007ffbd7af0000 - 0x00007ffbd7bda000 	C:\WINDOWS\System32\SHCORE.dll
0x00007ffbd7e80000 - 0x00007ffbd7edd000 	C:\WINDOWS\System32\shlwapi.dll
0x00007ffbd64e0000 - 0x00007ffbd6501000 	C:\WINDOWS\SYSTEM32\profapi.dll
0x00007ffbae110000 - 0x00007ffbae12a000 	C:\Program Files\Android\Android Studio\jre\bin\net.dll
0x00007ffbd23c0000 - 0x00007ffbd24cc000 	C:\WINDOWS\SYSTEM32\WINHTTP.dll
0x00007ffbd5bd0000 - 0x00007ffbd5c37000 	C:\WINDOWS\system32\mswsock.dll
0x00007ffbae0f0000 - 0x00007ffbae104000 	C:\Program Files\Android\Android Studio\jre\bin\nio.dll

dbghelp: loaded successfully - version: 4.0.5 - missing functions: none
symbol engine: initialized successfully - sym options: 0x614 - pdb path: .;C:\Program Files\Android\Android Studio\jre\bin;C:\WINDOWS\SYSTEM32;C:\WINDOWS\WinSxS\amd64_microsoft.windows.common-controls_6595b64144ccf1df_6.0.22000.120_none_9d947278b86cc467;C:\Program Files\Android\Android Studio\jre\bin\server

VM Arguments:
java_command: org.jetbrains.kotlin.cli.jvm.K2JVMCompiler @C:\Users\Omnia\StudioProjects\Library\app\build\20220428_4458824870427857476.compiler.options
java_class_path (initial): C:\Users\Omnia\.gradle\caches\modules-2\files-2.1\org.jetbrains.kotlin\kotlin-compiler-embeddable\1.6.20\18f66cca4301c12893ebe4ef47d65c3d9d2bff9b\kotlin-compiler-embeddable-1.6.20.jar;C:\Users\Omnia\.gradle\caches\modules-2\files-2.1\org.jetbrains.kotlin\kotlin-reflect\1.6.20\669965154723f1a712e8677af0cc5470dfdab81c\kotlin-reflect-1.6.20.jar;C:\Users\Omnia\.gradle\caches\modules-2\files-2.1\org.jetbrains.kotlin\kotlin-stdlib\1.6.20\6cedc143badbb4f1c6b7f5a340b04edff1743208\kotlin-stdlib-1.6.20.jar;C:\Users\Omnia\.gradle\caches\modules-2\files-2.1\org.jetbrains.kotlin\kotlin-script-runtime\1.6.20\a115c367e0fd9c8909293b208689afca0c88a6f1\kotlin-script-runtime-1.6.20.jar;C:\Users\Omnia\.gradle\caches\modules-2\files-2.1\org.jetbrains.kotlin\kotlin-daemon-embeddable\1.6.20\d4cac343029f48f106c57f457384771165d7deb5\kotlin-daemon-embeddable-1.6.20.jar;C:\Users\Omnia\.gradle\caches\modules-2\files-2.1\org.jetbrains.intellij.deps\trove4j\1.0.20200330\3afb14d5f9ceb459d724e907a21145e8ff394f02\trove4j-1.0.20200330.jar;C:\Users\Omnia\.gradle\caches\modules-2\files-2.1\net.java.dev.jna\jna\5.6.0\330f2244e9030119ab3030fc3fededc86713d9cc\jna-5.6.0.jar;C:\Users\Omnia\.gradle\caches\modules-2\files-2.1\org.jetbrains.kotlin\kotlin-stdlib-common\1.6.20\27b4562b6713d70f458c6d7ea39aadacb8e6a92b\kotlin-stdlib-common-1.6.20.jar;C:\Users\Omnia\.gradle\caches\modules-2\files-2.1\org.jetbrains\annotations\13.0\919f0dfe192fb4e063e7dacadee7f8bb9a2672a9\annotations-13.0.jar
Launcher Type: SUN_STANDARD

[Global flags]
     intx CICompilerCount                          = 4                                         {product} {ergonomic}
     uint ConcGCThreads                            = 3                                         {product} {ergonomic}
     uint G1ConcRefinementThreads                  = 10                                        {product} {ergonomic}
   size_t G1HeapRegionSize                         = 1048576                                   {product} {ergonomic}
    uintx GCDrainStackTargetSize                   = 64                                        {product} {ergonomic}
   size_t InitialHeapSize                          = 132120576                                 {product} {ergonomic}
   size_t MarkStackSize                            = 4194304                                   {product} {ergonomic}
   size_t MaxHeapSize                              = 2088763392                                {product} {ergonomic}
   size_t MaxNewSize                               = 1253048320                                {product} {ergonomic}
   size_t MinHeapDeltaBytes                        = 1048576                                   {product} {ergonomic}
    uintx NonNMethodCodeHeapSize                   = 5836300                                {pd product} {ergonomic}
    uintx NonProfiledCodeHeapSize                  = 122910970                              {pd product} {ergonomic}
    uintx ProfiledCodeHeapSize                     = 122910970                              {pd product} {ergonomic}
    uintx ReservedCodeCacheSize                    = 251658240                              {pd product} {ergonomic}
     bool SegmentedCodeCache                       = true                                      {product} {ergonomic}
     bool UseCompressedClassPointers               = true                                 {lp64_product} {ergonomic}
     bool UseCompressedOops                        = true                                 {lp64_product} {ergonomic}
     bool UseG1GC                                  = true                                      {product} {ergonomic}
     bool UseLargePagesIndividualAllocation        = false                                  {pd product} {ergonomic}

Logging:
Log output configuration:
 #0: stdout all=warning uptime,level,tags
 #1: stderr all=off uptime,level,tags

Environment Variables:
PATH=C:\Program Files\Common Files\Oracle\Java\javapath;C:\Program Files (x86)\Common Files\Oracle\Java\javapath;C:\Windows\system32;C:\Windows;C:\Windows\System32\Wbem;C:\Windows\System32\WindowsPowerShell\v1.0\;C:\Windows\System32\OpenSSH\;C:\Program Files (x86)\NVIDIA Corporation\PhysX\Common;C:\Program Files\Azure Data Studio\bin;C:\Program Files\Git\cmd;C:\WINDOWS\system32;C:\WINDOWS;C:\WINDOWS\System32\Wbem;C:\WINDOWS\System32\WindowsPowerShell\v1.0\;C:\WINDOWS\System32\OpenSSH\;C:\Program Files\Microsoft SQL Server\Client SDK\ODBC\170\Tools\Binn\;C:\Program Files (x86)\Microsoft SQL Server\150\Tools\Binn\;C:\Program Files\Microsoft SQL Server\150\Tools\Binn\;C:\Program Files\Microsoft SQL Server\150\DTS\Binn\;C:\Program Files (x86)\Microsoft SQL Server\150\DTS\Binn\;C:\Users\Omnia\AppData\Local\Microsoft\WindowsApps;C:\Users\Omnia\AppData\Local\atom\bin;C:\Users\Omnia\AppData\Local\Programs\Microsoft VS Code\bin;C:\Program Files\Azure Data Studio\bin;C:\Users\Omnia\AppData\Local\Microsoft\WindowsApps;
USERNAME=Omnia
OS=Windows_NT
PROCESSOR_IDENTIFIER=Intel64 Family 6 Model 165 Stepping 2, GenuineIntel



---------------  S Y S T E M  ---------------

OS: Windows 10 , 64 bit Build 22000 (10.0.22000.613)
OS uptime: 0 days 2:30 hours

CPU:total 12 (initial active 12) (6 cores per cpu, 2 threads per core) family 6 model 165 stepping 2 microcode 0xec, cmov, cx8, fxsr, mmx, sse, sse2, sse3, ssse3, sse4.1, sse4.2, popcnt, avx, avx2, aes, clmul, erms, 3dnowpref, lzcnt, ht, tsc, tscinvbit, bmi1, bmi2, adx, fma

Memory: 4k page, system-wide physical 7967M (472M free)
TotalPageFile size 12063M (AvailPageFile size 28M)
current process WorkingSet (physical memory assigned to process): 220M, peak: 220M
current process commit charge ("private bytes"): 305M, peak: 337M

vm_info: OpenJDK 64-Bit Server VM (11.0.11+9-b60-7590822) for windows-amd64 JRE (11.0.11+9-b60-7590822), built on Jul 29 2021 21:43:44 by "builder" with MS VC++ 14.0 (VS2015)

END.
