#
# There is insufficient memory for the Java Runtime Environment to continue.
# Native memory allocation (mmap) failed to map 34603008 bytes for Failed to commit area from 0x000000008b600000 to 0x000000008d700000 of length 34603008.
# Possible reasons:
#   The system is out of physical RAM or swap space
#   The process is running with CompressedOops enabled, and the Java Heap may be blocking the growth of the native heap
# Possible solutions:
#   Reduce memory load on the system
#   Increase physical memory or swap space
#   Check if swap backing store is full
#   Decrease Java heap size (-Xmx/-Xms)
#   Decrease number of Java threads
#   Decrease Java thread stack sizes (-Xss)
#   Set larger code cache with -XX:ReservedCodeCacheSize=
#   JVM is running with Unscaled Compressed Oops mode in which the Java heap is
#     placed in the first 4GB address space. The Java Heap base address is the
#     maximum limit for the native heap growth. Please use -XX:HeapBaseMinAddress
#     to set the Java Heap base and to place the Java Heap above 4GB virtual address.
# This output file may be truncated or incomplete.
#
#  Out of Memory Error (./src/hotspot/os/windows/os_windows.cpp:3301), pid=12328, tid=13376
#
# JRE version: OpenJDK Runtime Environment (11.0.11+9) (build 11.0.11+9-b60-7590822)
# Java VM: OpenJDK 64-Bit Server VM (11.0.11+9-b60-7590822, mixed mode, tiered, compressed oops, g1 gc, windows-amd64)
# No core dump will be written. Minidumps are not enabled by default on client versions of Windows
#

---------------  S U M M A R Y ------------

Command Line: org.jetbrains.kotlin.cli.jvm.K2JVMCompiler @C:\Users\Omnia\StudioProjects\Library\app\build\20220428_15687775645723835985.compiler.options

Host: Intel(R) Core(TM) i5-10500H CPU @ 2.50GHz, 12 cores, 7G,  Windows 10 , 64 bit Build 22000 (10.0.22000.613)
Time: Thu Apr 28 18:32:23 2022 Egypt Standard Time elapsed time: 1.906443 seconds (0d 0h 0m 1s)

---------------  T H R E A D  ---------------

Current thread (0x00000224e1400800):  VMThread "VM Thread" [stack: 0x000000d4d6a00000,0x000000d4d6b00000] [id=13376]

Stack: [0x000000d4d6a00000,0x000000d4d6b00000]
[error occurred during error reporting (printing stack bounds), id 0xc0000005, EXCEPTION_ACCESS_VIOLATION (0xc0000005) at pc=0x00000224ca820f2d]

Native frames: (J=compiled Java code, j=interpreted, Vv=VM code, C=native code)
V  [jvm.dll+0x5f214a]
V  [jvm.dll+0x726fb5]
V  [jvm.dll+0x7285cd]
V  [jvm.dll+0x728be5]
V  [jvm.dll+0x728b9b]
V  [jvm.dll+0x5f14e8]
V  [jvm.dll+0x5f1c78]
C  [ntdll.dll+0xa86ef]
C  [ntdll.dll+0x35aea]
C  [ntdll.dll+0xa76fe]
C  0x00000224ca820f2d

VM_Operation (0x000000d4d64fd170): G1CollectForAllocation, mode: safepoint, requested by thread 0x00000224c6d20000


---------------  P R O C E S S  ---------------

Threads class SMR info:
_java_thread_list=0x00000224e1ee45a0, length=12, elements={
0x00000224c6d20000, 0x00000224e1402800, 0x00000224e1405800, 0x00000224e1423800,
0x00000224e1426800, 0x00000224e1427800, 0x00000224e1d7c800, 0x00000224e1d81800,
0x00000224e1d82000, 0x00000224e1eed800, 0x00000224e1ee7000, 0x00000224e1ee5800
}

Java Threads: ( => current thread )
  0x00000224c6d20000 JavaThread "main" [_thread_blocked, id=1504, stack(0x000000d4d6400000,0x000000d4d6500000)]
  0x00000224e1402800 JavaThread "Reference Handler" daemon [_thread_blocked, id=8024, stack(0x000000d4d6b00000,0x000000d4d6c00000)]
  0x00000224e1405800 JavaThread "Finalizer" daemon [_thread_blocked, id=12740, stack(0x000000d4d6c00000,0x000000d4d6d00000)]
  0x00000224e1423800 JavaThread "Signal Dispatcher" daemon [_thread_blocked, id=12368, stack(0x000000d4d6d00000,0x000000d4d6e00000)]
  0x00000224e1426800 JavaThread "Attach Listener" daemon [_thread_blocked, id=13628, stack(0x000000d4d6e00000,0x000000d4d6f00000)]
  0x00000224e1427800 JavaThread "Service Thread" daemon [_thread_blocked, id=3356, stack(0x000000d4d6f00000,0x000000d4d7000000)]
  0x00000224e1d7c800 JavaThread "C2 CompilerThread0" daemon [_thread_blocked, id=13208, stack(0x000000d4d7000000,0x000000d4d7100000)]
  0x00000224e1d81800 JavaThread "C1 CompilerThread0" daemon [_thread_blocked, id=4236, stack(0x000000d4d7100000,0x000000d4d7200000)]
  0x00000224e1d82000 JavaThread "Sweeper thread" daemon [_thread_blocked, id=4788, stack(0x000000d4d7200000,0x000000d4d7300000)]
  0x00000224e1eed800 JavaThread "Common-Cleaner" daemon [_thread_blocked, id=692, stack(0x000000d4d7400000,0x000000d4d7500000)]
  0x00000224e1ee7000 JavaThread "C2 CompilerThread1" daemon [_thread_blocked, id=3512, stack(0x000000d4d7500000,0x000000d4d7600000)]
  0x00000224e1ee5800 JavaThread "C2 CompilerThread2" daemon [_thread_blocked, id=5116, stack(0x000000d4d7600000,0x000000d4d7700000)]

Other Threads:
=>0x00000224e1400800 VMThread "VM Thread" [stack: 0x000000d4d6a00000,0x000000d4d6b00000] [id=13376]
  0x00000224e1ee1000 WatcherThread [stack: 0x000000d4d7300000,0x000000d4d7400000] [id=7940]
  0x00000224c6d37800 GCTaskThread "GC Thread#0" [stack: 0x000000d4d6500000,0x000000d4d6600000] [id=8984]
  0x00000224e21c2000 GCTaskThread "GC Thread#1" [stack: 0x000000d4d7700000,0x000000d4d7800000] [id=6824]
  0x00000224e2530800 GCTaskThread "GC Thread#2" [stack: 0x000000d4d7800000,0x000000d4d7900000] [id=13744]
  0x00000224c6d66800 ConcurrentGCThread "G1 Main Marker" [stack: 0x000000d4d6600000,0x000000d4d6700000] [id=2248]
  0x00000224c6d69000 ConcurrentGCThread "G1 Conc#0" [stack: 0x000000d4d6700000,0x000000d4d6800000] [id=11148]
  0x00000224e31bc000 ConcurrentGCThread "G1 Conc#1" [stack: 0x000000d4d7900000,0x000000d4d7a00000] [id=11932]
  0x00000224e2869800 ConcurrentGCThread "G1 Conc#2" [stack: 0x000000d4d7a00000,0x000000d4d7b00000] [id=2096]
  0x00000224e1247800 ConcurrentGCThread "G1 Refine#0" [stack: 0x000000d4d6800000,0x000000d4d6900000] [id=11520]
  0x00000224e2863800 ConcurrentGCThread "G1 Refine#1" [stack: 0x000000d4d7b00000,0x000000d4d7c00000] [id=9888]
  0x00000224e31bb000 ConcurrentGCThread "G1 Refine#2" [stack: 0x000000d4d7c00000,0x000000d4d7d00000] [id=14520]
  0x00000224e1248000 ConcurrentGCThread "G1 Young RemSet Sampling" [stack: 0x000000d4d6900000,0x000000d4d6a00000] [id=3068]

Threads with active compile tasks:
C1 CompilerThread0   1910 2509   !   3       org.jetbrains.kotlin.metadata.ProtoBuf$Type::<init> (875 bytes)
C2 CompilerThread1   1910 2522       4       org.jetbrains.kotlin.protobuf.CodedInputStream::readRawVarint32 (233 bytes)
C2 CompilerThread2   1910 2519 %     4       java.lang.StringLatin1::inflate @ 3 (34 bytes)

VM state:at safepoint (normal execution)

VM Mutex/Monitor currently owned by a thread:  ([mutex/lock_event])
[0x00000224c6d1bca0] Threads_lock - owner thread: 0x00000224e1400800
[0x00000224c6d1c090] Heap_lock - owner thread: 0x00000224c6d20000

Heap address: 0x0000000083800000, size: 1992 MB, Compressed Oops mode: 32-bit
Narrow klass base: 0x0000000000000000, Narrow klass shift: 3
Compressed class space size: 1073741824 Address: 0x0000000100000000

Heap:
 garbage-first heap   total 162816K, used 20593K [0x0000000083800000, 0x0000000100000000)
  region size 1024K, 2 young (2048K), 2 survivors (2048K)
 Metaspace       used 36375K, capacity 36775K, committed 36912K, reserved 1081344K
  class space    used 4554K, capacity 4720K, committed 4736K, reserved 1048576K
Heap Regions: E=young(eden), S=young(survivor), O=old, HS=humongous(starts), HC=humongous(continues), CS=collection set, F=free, A=archive, TAMS=top-at-mark-start (previous, next)
|   0|0x0000000083800000, 0x0000000083900000, 0x0000000083900000|100%|HS|  |TAMS 0x0000000083900000, 0x0000000083800000| Complete 
|   1|0x0000000083900000, 0x0000000083a00000, 0x0000000083a00000|100%|HC|  |TAMS 0x0000000083a00000, 0x0000000083900000| Complete 
|   2|0x0000000083a00000, 0x0000000083b00000, 0x0000000083b00000|100%|HC|  |TAMS 0x0000000083b00000, 0x0000000083a00000| Complete 
|   3|0x0000000083b00000, 0x0000000083c00000, 0x0000000083c00000|100%|HS|  |TAMS 0x0000000083c00000, 0x0000000083b00000| Complete 
|   4|0x0000000083c00000, 0x0000000083d00000, 0x0000000083d00000|100%|HC|  |TAMS 0x0000000083d00000, 0x0000000083c00000| Complete 
|   5|0x0000000083d00000, 0x0000000083e00000, 0x0000000083e00000|100%|HC|  |TAMS 0x0000000083e00000, 0x0000000083d00000| Complete 
|   6|0x0000000083e00000, 0x0000000083e00000, 0x0000000083f00000|  0%| F|  |TAMS 0x0000000083e00000, 0x0000000083e00000| Untracked 
|   7|0x0000000083f00000, 0x0000000083f00000, 0x0000000084000000|  0%| F|  |TAMS 0x0000000083f00000, 0x0000000083f00000| Untracked 
|   8|0x0000000084000000, 0x0000000084100000, 0x0000000084100000|100%| O|  |TAMS 0x0000000084100000, 0x0000000084000000| Untracked 
|   9|0x0000000084100000, 0x0000000084200000, 0x0000000084200000|100%| O|  |TAMS 0x0000000084200000, 0x0000000084100000| Untracked 
|  10|0x0000000084200000, 0x0000000084300000, 0x0000000084300000|100%| O|  |TAMS 0x0000000084300000, 0x0000000084200000| Untracked 
|  11|0x0000000084300000, 0x0000000084400000, 0x0000000084400000|100%| O|  |TAMS 0x0000000084400000, 0x0000000084300000| Untracked 
|  12|0x0000000084400000, 0x0000000084500000, 0x0000000084500000|100%| O|  |TAMS 0x0000000084500000, 0x0000000084400000| Untracked 
|  13|0x0000000084500000, 0x0000000084600000, 0x0000000084600000|100%| O|  |TAMS 0x0000000084600000, 0x0000000084500000| Untracked 
|  14|0x0000000084600000, 0x0000000084700000, 0x0000000084700000|100%| O|  |TAMS 0x0000000084700000, 0x0000000084600000| Untracked 
|  15|0x0000000084700000, 0x0000000084800000, 0x0000000084800000|100%| O|  |TAMS 0x0000000084800000, 0x0000000084700000| Untracked 
|  16|0x0000000084800000, 0x0000000084900000, 0x0000000084900000|100%| O|  |TAMS 0x0000000084864600, 0x0000000084800000| Untracked 
|  17|0x0000000084900000, 0x0000000084a00000, 0x0000000084a00000|100%| O|  |TAMS 0x0000000084900000, 0x0000000084900000| Untracked 
|  18|0x0000000084a00000, 0x0000000084b00000, 0x0000000084b00000|100%| O|  |TAMS 0x0000000084a00000, 0x0000000084a00000| Untracked 
|  19|0x0000000084b00000, 0x0000000084c00000, 0x0000000084c00000|100%| O|  |TAMS 0x0000000084b00000, 0x0000000084b00000| Untracked 
|  20|0x0000000084c00000, 0x0000000084c64a00, 0x0000000084d00000| 39%| O|  |TAMS 0x0000000084c00000, 0x0000000084c00000| Untracked 
|  21|0x0000000084d00000, 0x0000000084d00000, 0x0000000084e00000|  0%| F|  |TAMS 0x0000000084d00000, 0x0000000084d00000| Untracked 
|  22|0x0000000084e00000, 0x0000000084e00000, 0x0000000084f00000|  0%| F|  |TAMS 0x0000000084e00000, 0x0000000084e00000| Untracked 
|  23|0x0000000084f00000, 0x0000000084f00000, 0x0000000085000000|  0%| F|  |TAMS 0x0000000084f00000, 0x0000000084f00000| Untracked 
|  24|0x0000000085000000, 0x0000000085000000, 0x0000000085100000|  0%| F|  |TAMS 0x0000000085000000, 0x0000000085000000| Untracked 
|  25|0x0000000085100000, 0x0000000085100000, 0x0000000085200000|  0%| F|  |TAMS 0x0000000085100000, 0x0000000085100000| Untracked 
|  26|0x0000000085200000, 0x0000000085200000, 0x0000000085300000|  0%| F|  |TAMS 0x0000000085200000, 0x0000000085200000| Untracked 
|  27|0x0000000085300000, 0x0000000085300000, 0x0000000085400000|  0%| F|  |TAMS 0x0000000085300000, 0x0000000085300000| Untracked 
|  28|0x0000000085400000, 0x0000000085400000, 0x0000000085500000|  0%| F|  |TAMS 0x0000000085400000, 0x0000000085400000| Untracked 
|  29|0x0000000085500000, 0x0000000085500000, 0x0000000085600000|  0%| F|  |TAMS 0x0000000085500000, 0x0000000085500000| Untracked 
|  30|0x0000000085600000, 0x0000000085600000, 0x0000000085700000|  0%| F|  |TAMS 0x0000000085600000, 0x0000000085600000| Untracked 
|  31|0x0000000085700000, 0x0000000085700000, 0x0000000085800000|  0%| F|  |TAMS 0x0000000085700000, 0x0000000085700000| Untracked 
|  32|0x0000000085800000, 0x0000000085800000, 0x0000000085900000|  0%| F|  |TAMS 0x0000000085800000, 0x0000000085800000| Untracked 
|  33|0x0000000085900000, 0x0000000085900000, 0x0000000085a00000|  0%| F|  |TAMS 0x0000000085900000, 0x0000000085900000| Untracked 
|  34|0x0000000085a00000, 0x0000000085a00000, 0x0000000085b00000|  0%| F|  |TAMS 0x0000000085a00000, 0x0000000085a00000| Untracked 
|  35|0x0000000085b00000, 0x0000000085b00000, 0x0000000085c00000|  0%| F|  |TAMS 0x0000000085b00000, 0x0000000085b00000| Untracked 
|  36|0x0000000085c00000, 0x0000000085c00000, 0x0000000085d00000|  0%| F|  |TAMS 0x0000000085c00000, 0x0000000085c00000| Untracked 
|  37|0x0000000085d00000, 0x0000000085d00000, 0x0000000085e00000|  0%| F|  |TAMS 0x0000000085d00000, 0x0000000085d00000| Untracked 
|  38|0x0000000085e00000, 0x0000000085e00000, 0x0000000085f00000|  0%| F|  |TAMS 0x0000000085e00000, 0x0000000085e00000| Untracked 
|  39|0x0000000085f00000, 0x0000000085f00000, 0x0000000086000000|  0%| F|  |TAMS 0x0000000085f00000, 0x0000000085f00000| Untracked 
|  40|0x0000000086000000, 0x0000000086000000, 0x0000000086100000|  0%| F|  |TAMS 0x0000000086000000, 0x0000000086000000| Untracked 
|  41|0x0000000086100000, 0x0000000086100000, 0x0000000086200000|  0%| F|  |TAMS 0x0000000086100000, 0x0000000086100000| Untracked 
|  42|0x0000000086200000, 0x0000000086200000, 0x0000000086300000|  0%| F|  |TAMS 0x0000000086200000, 0x0000000086200000| Untracked 
|  43|0x0000000086300000, 0x0000000086300000, 0x0000000086400000|  0%| F|  |TAMS 0x0000000086300000, 0x0000000086300000| Untracked 
|  44|0x0000000086400000, 0x0000000086400000, 0x0000000086500000|  0%| F|  |TAMS 0x0000000086400000, 0x0000000086400000| Untracked 
|  45|0x0000000086500000, 0x0000000086500000, 0x0000000086600000|  0%| F|  |TAMS 0x0000000086500000, 0x0000000086500000| Untracked 
|  46|0x0000000086600000, 0x0000000086600000, 0x0000000086700000|  0%| F|  |TAMS 0x0000000086600000, 0x0000000086600000| Untracked 
|  47|0x0000000086700000, 0x0000000086700000, 0x0000000086800000|  0%| F|  |TAMS 0x0000000086700000, 0x0000000086700000| Untracked 
|  48|0x0000000086800000, 0x0000000086800000, 0x0000000086900000|  0%| F|  |TAMS 0x0000000086800000, 0x0000000086800000| Untracked 
|  49|0x0000000086900000, 0x0000000086900000, 0x0000000086a00000|  0%| F|  |TAMS 0x0000000086900000, 0x0000000086900000| Untracked 
|  50|0x0000000086a00000, 0x0000000086a00000, 0x0000000086b00000|  0%| F|  |TAMS 0x0000000086a00000, 0x0000000086a00000| Untracked 
|  51|0x0000000086b00000, 0x0000000086b00000, 0x0000000086c00000|  0%| F|  |TAMS 0x0000000086b00000, 0x0000000086b00000| Untracked 
|  52|0x0000000086c00000, 0x0000000086c00000, 0x0000000086d00000|  0%| F|  |TAMS 0x0000000086c00000, 0x0000000086c00000| Untracked 
|  53|0x0000000086d00000, 0x0000000086d00000, 0x0000000086e00000|  0%| F|  |TAMS 0x0000000086d00000, 0x0000000086d00000| Untracked 
|  54|0x0000000086e00000, 0x0000000086e00000, 0x0000000086f00000|  0%| F|  |TAMS 0x0000000086e00000, 0x0000000086e00000| Untracked 
|  55|0x0000000086f00000, 0x0000000086f00000, 0x0000000087000000|  0%| F|  |TAMS 0x0000000086f00000, 0x0000000086f00000| Untracked 
|  56|0x0000000087000000, 0x0000000087000000, 0x0000000087100000|  0%| F|  |TAMS 0x0000000087000000, 0x0000000087000000| Untracked 
|  57|0x0000000087100000, 0x0000000087100000, 0x0000000087200000|  0%| F|  |TAMS 0x0000000087100000, 0x0000000087100000| Untracked 
|  58|0x0000000087200000, 0x0000000087200000, 0x0000000087300000|  0%| F|  |TAMS 0x0000000087200000, 0x0000000087200000| Untracked 
|  59|0x0000000087300000, 0x0000000087300000, 0x0000000087400000|  0%| F|  |TAMS 0x0000000087300000, 0x0000000087300000| Untracked 
|  60|0x0000000087400000, 0x0000000087400000, 0x0000000087500000|  0%| F|  |TAMS 0x0000000087400000, 0x0000000087400000| Untracked 
|  61|0x0000000087500000, 0x0000000087500000, 0x0000000087600000|  0%| F|  |TAMS 0x0000000087500000, 0x0000000087500000| Untracked 
|  62|0x0000000087600000, 0x0000000087600000, 0x0000000087700000|  0%| F|  |TAMS 0x0000000087600000, 0x0000000087600000| Untracked 
|  63|0x0000000087700000, 0x0000000087700000, 0x0000000087800000|  0%| F|  |TAMS 0x0000000087700000, 0x0000000087700000| Untracked 
|  64|0x0000000087800000, 0x0000000087800000, 0x0000000087900000|  0%| F|  |TAMS 0x0000000087800000, 0x0000000087800000| Untracked 
|  65|0x0000000087900000, 0x0000000087900000, 0x0000000087a00000|  0%| F|  |TAMS 0x0000000087900000, 0x0000000087900000| Untracked 
|  66|0x0000000087a00000, 0x0000000087a00000, 0x0000000087b00000|  0%| F|  |TAMS 0x0000000087a00000, 0x0000000087a00000| Untracked 
|  67|0x0000000087b00000, 0x0000000087b00000, 0x0000000087c00000|  0%| F|  |TAMS 0x0000000087b00000, 0x0000000087b00000| Untracked 
|  68|0x0000000087c00000, 0x0000000087c00000, 0x0000000087d00000|  0%| F|  |TAMS 0x0000000087c00000, 0x0000000087c00000| Untracked 
|  69|0x0000000087d00000, 0x0000000087d00000, 0x0000000087e00000|  0%| F|  |TAMS 0x0000000087d00000, 0x0000000087d00000| Untracked 
|  70|0x0000000087e00000, 0x0000000087e00000, 0x0000000087f00000|  0%| F|  |TAMS 0x0000000087e00000, 0x0000000087e00000| Untracked 
|  71|0x0000000087f00000, 0x0000000087f00000, 0x0000000088000000|  0%| F|  |TAMS 0x0000000087f00000, 0x0000000087f00000| Untracked 
|  72|0x0000000088000000, 0x0000000088000000, 0x0000000088100000|  0%| F|  |TAMS 0x0000000088000000, 0x0000000088000000| Untracked 
|  73|0x0000000088100000, 0x0000000088100000, 0x0000000088200000|  0%| F|  |TAMS 0x0000000088100000, 0x0000000088100000| Untracked 
|  74|0x0000000088200000, 0x0000000088200000, 0x0000000088300000|  0%| F|  |TAMS 0x0000000088200000, 0x0000000088200000| Untracked 
|  75|0x0000000088300000, 0x0000000088300000, 0x0000000088400000|  0%| F|  |TAMS 0x0000000088300000, 0x0000000088300000| Untracked 
|  76|0x0000000088400000, 0x0000000088400000, 0x0000000088500000|  0%| F|  |TAMS 0x0000000088400000, 0x0000000088400000| Untracked 
|  77|0x0000000088500000, 0x0000000088500000, 0x0000000088600000|  0%| F|  |TAMS 0x0000000088500000, 0x0000000088500000| Untracked 
|  78|0x0000000088600000, 0x0000000088600000, 0x0000000088700000|  0%| F|  |TAMS 0x0000000088600000, 0x0000000088600000| Untracked 
|  79|0x0000000088700000, 0x0000000088700000, 0x0000000088800000|  0%| F|  |TAMS 0x0000000088700000, 0x0000000088700000| Untracked 
|  80|0x0000000088800000, 0x0000000088800000, 0x0000000088900000|  0%| F|  |TAMS 0x0000000088800000, 0x0000000088800000| Untracked 
|  81|0x0000000088900000, 0x0000000088900000, 0x0000000088a00000|  0%| F|  |TAMS 0x0000000088900000, 0x0000000088900000| Untracked 
|  82|0x0000000088a00000, 0x0000000088a00000, 0x0000000088b00000|  0%| F|  |TAMS 0x0000000088a00000, 0x0000000088a00000| Untracked 
|  83|0x0000000088b00000, 0x0000000088b00000, 0x0000000088c00000|  0%| F|  |TAMS 0x0000000088b00000, 0x0000000088b00000| Untracked 
|  84|0x0000000088c00000, 0x0000000088c00000, 0x0000000088d00000|  0%| F|  |TAMS 0x0000000088c00000, 0x0000000088c00000| Untracked 
|  85|0x0000000088d00000, 0x0000000088d00000, 0x0000000088e00000|  0%| F|  |TAMS 0x0000000088d00000, 0x0000000088d00000| Untracked 
|  86|0x0000000088e00000, 0x0000000088e00000, 0x0000000088f00000|  0%| F|  |TAMS 0x0000000088e00000, 0x0000000088e00000| Untracked 
|  87|0x0000000088f00000, 0x0000000088f00000, 0x0000000089000000|  0%| F|  |TAMS 0x0000000088f00000, 0x0000000088f00000| Untracked 
|  88|0x0000000089000000, 0x0000000089000000, 0x0000000089100000|  0%| F|  |TAMS 0x0000000089000000, 0x0000000089000000| Untracked 
|  89|0x0000000089100000, 0x0000000089100000, 0x0000000089200000|  0%| F|  |TAMS 0x0000000089100000, 0x0000000089100000| Untracked 
|  90|0x0000000089200000, 0x0000000089200000, 0x0000000089300000|  0%| F|  |TAMS 0x0000000089200000, 0x0000000089200000| Untracked 
|  91|0x0000000089300000, 0x0000000089300000, 0x0000000089400000|  0%| F|  |TAMS 0x0000000089300000, 0x0000000089300000| Untracked 
|  92|0x0000000089400000, 0x0000000089400000, 0x0000000089500000|  0%| F|  |TAMS 0x0000000089400000, 0x0000000089400000| Untracked 
|  93|0x0000000089500000, 0x0000000089500000, 0x0000000089600000|  0%| F|  |TAMS 0x0000000089500000, 0x0000000089500000| Untracked 
|  94|0x0000000089600000, 0x0000000089600000, 0x0000000089700000|  0%| F|  |TAMS 0x0000000089600000, 0x0000000089600000| Untracked 
|  95|0x0000000089700000, 0x0000000089700000, 0x0000000089800000|  0%| F|  |TAMS 0x0000000089700000, 0x0000000089700000| Untracked 
|  96|0x0000000089800000, 0x0000000089800000, 0x0000000089900000|  0%| F|  |TAMS 0x0000000089800000, 0x0000000089800000| Untracked 
|  97|0x0000000089900000, 0x0000000089900000, 0x0000000089a00000|  0%| F|  |TAMS 0x0000000089900000, 0x0000000089900000| Untracked 
|  98|0x0000000089a00000, 0x0000000089a00000, 0x0000000089b00000|  0%| F|  |TAMS 0x0000000089a00000, 0x0000000089a00000| Untracked 
|  99|0x0000000089b00000, 0x0000000089b00000, 0x0000000089c00000|  0%| F|  |TAMS 0x0000000089b00000, 0x0000000089b00000| Untracked 
| 100|0x0000000089c00000, 0x0000000089c00000, 0x0000000089d00000|  0%| F|  |TAMS 0x0000000089c00000, 0x0000000089c00000| Untracked 
| 101|0x0000000089d00000, 0x0000000089d00000, 0x0000000089e00000|  0%| F|  |TAMS 0x0000000089d00000, 0x0000000089d00000| Untracked 
| 102|0x0000000089e00000, 0x0000000089e00000, 0x0000000089f00000|  0%| F|  |TAMS 0x0000000089e00000, 0x0000000089e00000| Untracked 
| 103|0x0000000089f00000, 0x0000000089f00000, 0x000000008a000000|  0%| F|  |TAMS 0x0000000089f00000, 0x0000000089f00000| Untracked 
| 104|0x000000008a000000, 0x000000008a000000, 0x000000008a100000|  0%| F|  |TAMS 0x000000008a000000, 0x000000008a000000| Untracked 
| 105|0x000000008a100000, 0x000000008a100000, 0x000000008a200000|  0%| F|  |TAMS 0x000000008a100000, 0x000000008a100000| Untracked 
| 106|0x000000008a200000, 0x000000008a200000, 0x000000008a300000|  0%| F|  |TAMS 0x000000008a200000, 0x000000008a200000| Untracked 
| 107|0x000000008a300000, 0x000000008a300000, 0x000000008a400000|  0%| F|  |TAMS 0x000000008a300000, 0x000000008a300000| Untracked 
| 108|0x000000008a400000, 0x000000008a400000, 0x000000008a500000|  0%| F|  |TAMS 0x000000008a400000, 0x000000008a400000| Untracked 
| 109|0x000000008a500000, 0x000000008a500000, 0x000000008a600000|  0%| F|  |TAMS 0x000000008a500000, 0x000000008a500000| Untracked 
| 110|0x000000008a600000, 0x000000008a600000, 0x000000008a700000|  0%| F|  |TAMS 0x000000008a600000, 0x000000008a600000| Untracked 
| 111|0x000000008a700000, 0x000000008a700000, 0x000000008a800000|  0%| F|  |TAMS 0x000000008a700000, 0x000000008a700000| Untracked 
| 112|0x000000008a800000, 0x000000008a800000, 0x000000008a900000|  0%| F|  |TAMS 0x000000008a800000, 0x000000008a800000| Untracked 
| 113|0x000000008a900000, 0x000000008a900000, 0x000000008aa00000|  0%| F|  |TAMS 0x000000008a900000, 0x000000008a900000| Untracked 
| 114|0x000000008aa00000, 0x000000008aa00000, 0x000000008ab00000|  0%| F|  |TAMS 0x000000008aa00000, 0x000000008aa00000| Untracked 
| 115|0x000000008ab00000, 0x000000008ab00000, 0x000000008ac00000|  0%| F|  |TAMS 0x000000008ab00000, 0x000000008ab00000| Untracked 
| 116|0x000000008ac00000, 0x000000008ac00000, 0x000000008ad00000|  0%| F|  |TAMS 0x000000008ac00000, 0x000000008ac00000| Untracked 
| 117|0x000000008ad00000, 0x000000008adb7ab0, 0x000000008ae00000| 71%| S|CS|TAMS 0x000000008ad00000, 0x000000008ad00000| Complete 
| 118|0x000000008ae00000, 0x000000008af00000, 0x000000008af00000|100%| S|CS|TAMS 0x000000008ae00000, 0x000000008ae00000| Complete 
| 119|0x000000008af00000, 0x000000008af00000, 0x000000008b000000|  0%| F|  |TAMS 0x000000008af00000, 0x000000008af00000| Untracked 
| 120|0x000000008b000000, 0x000000008b000000, 0x000000008b100000|  0%| F|  |TAMS 0x000000008b000000, 0x000000008b000000| Untracked 
| 121|0x000000008b100000, 0x000000008b100000, 0x000000008b200000|  0%| F|  |TAMS 0x000000008b100000, 0x000000008b100000| Untracked 
| 122|0x000000008b200000, 0x000000008b200000, 0x000000008b300000|  0%| F|  |TAMS 0x000000008b200000, 0x000000008b200000| Untracked 
| 123|0x000000008b300000, 0x000000008b300000, 0x000000008b400000|  0%| F|  |TAMS 0x000000008b300000, 0x000000008b300000| Untracked 
| 124|0x000000008b400000, 0x000000008b400000, 0x000000008b500000|  0%| F|  |TAMS 0x000000008b400000, 0x000000008b400000| Untracked 
| 125|0x000000008b500000, 0x000000008b500000, 0x000000008b600000|  0%| F|  |TAMS 0x000000008b500000, 0x000000008b500000| Untracked 

Card table byte_map: [0x00000224da160000,0x00000224da550000] _byte_map_base: 0x00000224d9d44000

Marking Bits (Prev, Next): (CMBitMap*) 0x00000224c6d5e118, (CMBitMap*) 0x00000224c6d5e150
 Prev Bits: [0x00000224da940000, 0x00000224dc860000)
 Next Bits: [0x00000224dc860000, 0x00000224de780000)

Polling page: 0x00000224c4ca0000

Metaspace:

Usage:
  Non-class:     31.30 MB capacity,    31.07 MB (>99%) used,   180.34 KB ( <1%) free+waste,    54.44 KB ( <1%) overhead. 
      Class:      4.61 MB capacity,     4.45 MB ( 97%) used,   139.07 KB (  3%) free+waste,    25.94 KB ( <1%) overhead. 
       Both:     35.91 MB capacity,    35.52 MB ( 99%) used,   319.41 KB ( <1%) free+waste,    80.38 KB ( <1%) overhead. 

Virtual space:
  Non-class space:       32.00 MB reserved,      31.42 MB ( 98%) committed 
      Class space:        1.00 GB reserved,       4.63 MB ( <1%) committed 
             Both:        1.03 GB reserved,      36.05 MB (  3%) committed 

Chunk freelists:
   Non-Class:  57.00 KB
       Class:  16.00 KB
        Both:  73.00 KB

MaxMetaspaceSize: 17179869184.00 GB
CompressedClassSpaceSize: 1.00 GB

CodeHeap 'non-profiled nmethods': size=120000Kb used=1025Kb max_used=1025Kb free=118974Kb
 bounds [0x00000224d22f0000, 0x00000224d2560000, 0x00000224d9820000]
CodeHeap 'profiled nmethods': size=120000Kb used=4625Kb max_used=4625Kb free=115375Kb
 bounds [0x00000224cadc0000, 0x00000224cb250000, 0x00000224d22f0000]
CodeHeap 'non-nmethods': size=5760Kb used=1180Kb max_used=1243Kb free=4579Kb
 bounds [0x00000224ca820000, 0x00000224caa90000, 0x00000224cadc0000]
 total_blobs=3040 nmethods=2507 adapters=444
 compilation: enabled
              stopped_count=0, restarted_count=0
 full_count=0

Compilation events (20 events):
Event: 1.854 Thread 0x00000224e1d81800 2499       3       org.jetbrains.kotlin.protobuf.LazyStringArrayList::size (10 bytes)
Event: 1.854 Thread 0x00000224e1d81800 nmethod 2499 0x00000224cb23b710 code [0x00000224cb23b8c0, 0x00000224cb23ba88]
Event: 1.854 Thread 0x00000224e1d81800 2500       1       org.jetbrains.kotlin.protobuf.GeneratedMessageLite$GeneratedExtension::getContainingTypeDefaultInstance (5 bytes)
Event: 1.854 Thread 0x00000224e1d81800 nmethod 2500 0x00000224d23ef510 code [0x00000224d23ef6c0, 0x00000224d23ef778]
Event: 1.854 Thread 0x00000224e1ee5800 2502       4       org.jetbrains.kotlin.protobuf.LiteralByteString::size (6 bytes)
Event: 1.854 Thread 0x00000224e1d81800 2503       3       java.util.Collections$UnmodifiableCollection::isEmpty (10 bytes)
Event: 1.855 Thread 0x00000224e1d81800 nmethod 2503 0x00000224cb23bb90 code [0x00000224cb23bd40, 0x00000224cb23bf08]
Event: 1.855 Thread 0x00000224e1d81800 2504       3       org.jetbrains.kotlin.metadata.ProtoBuf$Annotation::getDefaultInstance (4 bytes)
Event: 1.855 Thread 0x00000224e1d81800 nmethod 2504 0x00000224cb23c010 code [0x00000224cb23c1c0, 0x00000224cb23c2b8]
Event: 1.855 Thread 0x00000224e1d81800 2505   !   3       org.jetbrains.kotlin.metadata.ProtoBuf$Annotation$Argument$Value::<init> (719 bytes)
Event: 1.855 Thread 0x00000224e1ee5800 nmethod 2502 0x00000224d23ef810 code [0x00000224d23ef9a0, 0x00000224d23efa18]
Event: 1.857 Thread 0x00000224e1ee7000 nmethod 2501 0x00000224d23efa90 code [0x00000224d23efc40, 0x00000224d23eff68]
Event: 1.858 Thread 0x00000224e1d81800 nmethod 2505 0x00000224cb23c390 code [0x00000224cb23cb60, 0x00000224cb2423f8]
Event: 1.858 Thread 0x00000224e1d81800 2509   !   3       org.jetbrains.kotlin.metadata.ProtoBuf$Type::<init> (875 bytes)
Event: 1.859 Thread 0x00000224e1ee7000 2518       4       java.util.Objects::checkIndex (7 bytes)
Event: 1.859 Thread 0x00000224e1ee7000 nmethod 2518 0x00000224d23f0110 code [0x00000224d23f02a0, 0x00000224d23f0318]
Event: 1.859 Thread 0x00000224e1ee5800 2519 %     4       java.lang.StringLatin1::inflate @ 3 (34 bytes)
Event: 1.861 Thread 0x00000224e1d7c800 2521       4       java.lang.String::toString (2 bytes)
Event: 1.861 Thread 0x00000224e1d7c800 nmethod 2521 0x00000224d23f0390 code [0x00000224d23f0520, 0x00000224d23f0578]
Event: 1.861 Thread 0x00000224e1ee7000 2522       4       org.jetbrains.kotlin.protobuf.CodedInputStream::readRawVarint32 (233 bytes)

GC Heap History (9 events):
Event: 0.425 GC heap before
{Heap before GC invocations=0 (full 0):
 garbage-first heap   total 129024K, used 27648K [0x0000000083800000, 0x0000000100000000)
  region size 1024K, 24 young (24576K), 0 survivors (0K)
 Metaspace       used 12394K, capacity 12504K, committed 12800K, reserved 1060864K
  class space    used 1168K, capacity 1207K, committed 1280K, reserved 1048576K
}
Event: 0.428 GC heap after
{Heap after GC invocations=1 (full 0):
 garbage-first heap   total 129024K, used 5772K [0x0000000083800000, 0x0000000100000000)
  region size 1024K, 3 young (3072K), 3 survivors (3072K)
 Metaspace       used 12394K, capacity 12504K, committed 12800K, reserved 1060864K
  class space    used 1168K, capacity 1207K, committed 1280K, reserved 1048576K
}
Event: 0.894 GC heap before
{Heap before GC invocations=1 (full 0):
 garbage-first heap   total 129024K, used 41612K [0x0000000083800000, 0x0000000100000000)
  region size 1024K, 39 young (39936K), 3 survivors (3072K)
 Metaspace       used 20904K, capacity 21143K, committed 21296K, reserved 1069056K
  class space    used 2226K, capacity 2352K, committed 2432K, reserved 1048576K
}
Event: 0.904 GC heap after
{Heap after GC invocations=2 (full 0):
 garbage-first heap   total 129024K, used 9216K [0x0000000083800000, 0x0000000100000000)
  region size 1024K, 6 young (6144K), 6 survivors (6144K)
 Metaspace       used 20904K, capacity 21143K, committed 21296K, reserved 1069056K
  class space    used 2226K, capacity 2352K, committed 2432K, reserved 1048576K
}
Event: 1.625 GC heap before
{Heap before GC invocations=3 (full 0):
 garbage-first heap   total 129024K, used 64512K [0x0000000083800000, 0x0000000100000000)
  region size 1024K, 55 young (56320K), 6 survivors (6144K)
 Metaspace       used 32645K, capacity 33047K, committed 33328K, reserved 1079296K
  class space    used 4014K, capacity 4202K, committed 4224K, reserved 1048576K
}
Event: 1.642 GC heap after
{Heap after GC invocations=4 (full 0):
 garbage-first heap   total 129024K, used 20642K [0x0000000083800000, 0x0000000100000000)
  region size 1024K, 7 young (7168K), 7 survivors (7168K)
 Metaspace       used 32645K, capacity 33047K, committed 33328K, reserved 1079296K
  class space    used 4014K, capacity 4202K, committed 4224K, reserved 1048576K
}
Event: 1.765 GC heap before
{Heap before GC invocations=4 (full 0):
 garbage-first heap   total 129024K, used 29858K [0x0000000083800000, 0x0000000100000000)
  region size 1024K, 17 young (17408K), 7 survivors (7168K)
 Metaspace       used 35279K, capacity 35708K, committed 35888K, reserved 1081344K
  class space    used 4436K, capacity 4620K, committed 4736K, reserved 1048576K
}
Event: 1.777 GC heap after
{Heap after GC invocations=5 (full 0):
 garbage-first heap   total 129024K, used 21742K [0x0000000083800000, 0x0000000100000000)
  region size 1024K, 5 young (5120K), 5 survivors (5120K)
 Metaspace       used 35279K, capacity 35708K, committed 35888K, reserved 1081344K
  class space    used 4436K, capacity 4620K, committed 4736K, reserved 1048576K
}
Event: 1.862 GC heap before
{Heap before GC invocations=6 (full 0):
 garbage-first heap   total 129024K, used 28910K [0x0000000083800000, 0x0000000100000000)
  region size 1024K, 12 young (12288K), 5 survivors (5120K)
 Metaspace       used 36375K, capacity 36775K, committed 36912K, reserved 1081344K
  class space    used 4554K, capacity 4720K, committed 4736K, reserved 1048576K
}

Deoptimization events (20 events):
Event: 1.848 Thread 0x00000224c6d20000 Uncommon trap: trap_request=0xffffffde fr.pc=0x00000224d23ca014 relative=0x00000000000000d4
Event: 1.848 Thread 0x00000224c6d20000 Uncommon trap: reason=class_check action=maybe_recompile pc=0x00000224d23ca014 method=java.util.AbstractList$Itr.next()Ljava/lang/Object; @ 14 c2
Event: 1.848 Thread 0x00000224c6d20000 DEOPT PACKING pc=0x00000224d23ca014 sp=0x000000d4d64fe090
Event: 1.848 Thread 0x00000224c6d20000 DEOPT UNPACKING pc=0x00000224ca84662f sp=0x000000d4d64fe028 mode 2
Event: 1.848 Thread 0x00000224c6d20000 Uncommon trap: trap_request=0xffffffde fr.pc=0x00000224d23c9810 relative=0x0000000000000070
Event: 1.848 Thread 0x00000224c6d20000 Uncommon trap: reason=class_check action=maybe_recompile pc=0x00000224d23c9810 method=java.util.AbstractList$Itr.hasNext()Z @ 8 c2
Event: 1.848 Thread 0x00000224c6d20000 DEOPT PACKING pc=0x00000224d23c9810 sp=0x000000d4d64fe100
Event: 1.848 Thread 0x00000224c6d20000 DEOPT UNPACKING pc=0x00000224ca84662f sp=0x000000d4d64fe098 mode 2
Event: 1.848 Thread 0x00000224c6d20000 Uncommon trap: trap_request=0xffffffde fr.pc=0x00000224d23ca014 relative=0x00000000000000d4
Event: 1.848 Thread 0x00000224c6d20000 Uncommon trap: reason=class_check action=maybe_recompile pc=0x00000224d23ca014 method=java.util.AbstractList$Itr.next()Ljava/lang/Object; @ 14 c2
Event: 1.848 Thread 0x00000224c6d20000 DEOPT PACKING pc=0x00000224d23ca014 sp=0x000000d4d64fe090
Event: 1.848 Thread 0x00000224c6d20000 DEOPT UNPACKING pc=0x00000224ca84662f sp=0x000000d4d64fe028 mode 2
Event: 1.848 Thread 0x00000224c6d20000 Uncommon trap: trap_request=0xffffffde fr.pc=0x00000224d23c9810 relative=0x0000000000000070
Event: 1.848 Thread 0x00000224c6d20000 Uncommon trap: reason=class_check action=maybe_recompile pc=0x00000224d23c9810 method=java.util.AbstractList$Itr.hasNext()Z @ 8 c2
Event: 1.848 Thread 0x00000224c6d20000 DEOPT PACKING pc=0x00000224d23c9810 sp=0x000000d4d64fe100
Event: 1.848 Thread 0x00000224c6d20000 DEOPT UNPACKING pc=0x00000224ca84662f sp=0x000000d4d64fe098 mode 2
Event: 1.848 Thread 0x00000224c6d20000 Uncommon trap: trap_request=0xffffffde fr.pc=0x00000224d23ca014 relative=0x00000000000000d4
Event: 1.848 Thread 0x00000224c6d20000 Uncommon trap: reason=class_check action=maybe_recompile pc=0x00000224d23ca014 method=java.util.AbstractList$Itr.next()Ljava/lang/Object; @ 14 c2
Event: 1.848 Thread 0x00000224c6d20000 DEOPT PACKING pc=0x00000224d23ca014 sp=0x000000d4d64fe090
Event: 1.848 Thread 0x00000224c6d20000 DEOPT UNPACKING pc=0x00000224ca84662f sp=0x000000d4d64fe028 mode 2

Classes redefined (0 events):
No events

Internal exceptions (20 events):
Event: 0.914 Thread 0x00000224c6d20000 Exception <a 'java/lang/NoSuchMethodError'{0x000000008b564f38}: 'long java.lang.invoke.DirectMethodHandle$Holder.invokeStaticInit(java.lang.Object)'> (0x000000008b564f38) thrown at [./src/hotspot/share/interpreter/linkResolver.cpp, line 773]
Event: 0.954 Thread 0x00000224c6d20000 Exception <a 'java/lang/NoSuchMethodError'{0x000000008b1911d8}: 'int java.lang.invoke.DirectMethodHandle$Holder.invokeStaticInit(java.lang.Object, java.lang.Object, java.lang.Object)'> (0x000000008b1911d8) thrown at [./src/hotspot/share/interpreter/linkResolver.cpp, line 773]
Event: 0.957 Thread 0x00000224c6d20000 Exception <a 'java/lang/NoSuchMethodError'{0x000000008b1bc7c8}: 'int java.lang.invoke.DirectMethodHandle$Holder.invokeStaticInit(java.lang.Object, java.lang.Object)'> (0x000000008b1bc7c8) thrown at [./src/hotspot/share/interpreter/linkResolver.cpp, line 773]
Event: 0.989 Thread 0x00000224c6d20000 Exception <a 'java/lang/NoSuchMethodError'{0x000000008afcef78}: 'void java.lang.invoke.DirectMethodHandle$Holder.invokeSpecial(java.lang.Object, java.lang.Object)'> (0x000000008afcef78) thrown at [./src/hotspot/share/interpreter/linkResolver.cpp, line 773]
Event: 1.131 Thread 0x00000224c6d20000 Exception <a 'java/lang/NoSuchMethodError'{0x000000008a662a40}: 'java.lang.Object java.lang.invoke.DirectMethodHandle$Holder.invokeStatic(java.lang.Object, java.lang.Object, java.lang.Object, java.lang.Object, java.lang.Object, java.lang.Object, java.lang.Object, java.lang.Object, java.lang.Object, java.lang.Object, java.lang.Object, java.lang.Object, java.lang.Object, java.lang.Object, java.lang.Object)'> (0x000000008a662a40) thrown at [./src/hotspot/share/interpreter/linkResolver.cpp, line 773]
Event: 1.132 Thread 0x00000224c6d20000 Exception <a 'java/lang/NoSuchMethodError'{0x000000008a670a48}: 'java.lang.Object java.lang.invoke.DirectMethodHandle$Holder.invokeStatic(java.lang.Object, java.lang.Object, java.lang.Object, java.lang.Object, java.lang.Object, java.lang.Object, java.lang.Object, java.lang.Object, java.lang.Object, java.lang.Object, java.lang.Object, java.lang.Object, java.lang.Object, java.lang.Object, java.lang.Object, java.lang.Object)'> (0x000000008a670a48) thrown at [./src/hotspot/share/interpreter/linkResolver.cpp, l
Event: 1.133 Thread 0x00000224c6d20000 Exception <a 'java/lang/NoSuchMethodError'{0x000000008a67e960}: 'java.lang.Object java.lang.invoke.DirectMethodHandle$Holder.invokeSpecial(java.lang.Object, java.lang.Object, int, int, java.lang.Object, java.lang.Object, java.lang.Object)'> (0x000000008a67e960) thrown at [./src/hotspot/share/interpreter/linkResolver.cpp, line 773]
Event: 1.133 Thread 0x00000224c6d20000 Exception <a 'java/lang/NoSuchMethodError'{0x000000008a6823d8}: 'java.lang.Object java.lang.invoke.DelegatingMethodHandle$Holder.reinvoke_L(java.lang.Object, int, int, java.lang.Object, java.lang.Object, java.lang.Object)'> (0x000000008a6823d8) thrown at [./src/hotspot/share/interpreter/linkResolver.cpp, line 773]
Event: 1.133 Thread 0x00000224c6d20000 Exception <a 'java/lang/NoSuchMethodError'{0x000000008a686760}: 'java.lang.Object java.lang.invoke.DirectMethodHandle$Holder.invokeStatic(java.lang.Object, java.lang.Object, java.lang.Object, java.lang.Object, int)'> (0x000000008a686760) thrown at [./src/hotspot/share/interpreter/linkResolver.cpp, line 773]
Event: 1.170 Thread 0x00000224c6d20000 Exception <a 'sun/nio/fs/WindowsException'{0x000000008a5c7440}> (0x000000008a5c7440) thrown at [./src/hotspot/share/prims/jni.cpp, line 615]
Event: 1.170 Thread 0x00000224c6d20000 Exception <a 'sun/nio/fs/WindowsException'{0x000000008a5c7cb8}> (0x000000008a5c7cb8) thrown at [./src/hotspot/share/prims/jni.cpp, line 615]
Event: 1.170 Thread 0x00000224c6d20000 Exception <a 'sun/nio/fs/WindowsException'{0x000000008a5c8540}> (0x000000008a5c8540) thrown at [./src/hotspot/share/prims/jni.cpp, line 615]
Event: 1.170 Thread 0x00000224c6d20000 Exception <a 'sun/nio/fs/WindowsException'{0x000000008a5c8f38}> (0x000000008a5c8f38) thrown at [./src/hotspot/share/prims/jni.cpp, line 615]
Event: 1.170 Thread 0x00000224c6d20000 Exception <a 'sun/nio/fs/WindowsException'{0x000000008a5c9840}> (0x000000008a5c9840) thrown at [./src/hotspot/share/prims/jni.cpp, line 615]
Event: 1.171 Thread 0x00000224c6d20000 Exception <a 'sun/nio/fs/WindowsException'{0x000000008a5ca178}> (0x000000008a5ca178) thrown at [./src/hotspot/share/prims/jni.cpp, line 615]
Event: 1.173 Thread 0x00000224c6d20000 Exception <a 'java/lang/NoSuchMethodError'{0x000000008a5d0988}: 'void java.lang.invoke.DirectMethodHandle$Holder.invokeStatic(java.lang.Object, java.lang.Object, java.lang.Object, java.lang.Object)'> (0x000000008a5d0988) thrown at [./src/hotspot/share/interpreter/linkResolver.cpp, line 773]
Event: 1.224 Thread 0x00000224c6d20000 Exception <a 'java/lang/NoSuchMethodError'{0x000000008a1af628}: 'void java.lang.invoke.DirectMethodHandle$Holder.invokeStaticInit(java.lang.Object, java.lang.Object)'> (0x000000008a1af628) thrown at [./src/hotspot/share/interpreter/linkResolver.cpp, line 773]
Event: 1.320 Thread 0x00000224c6d20000 Exception <a 'java/lang/NoSuchMethodError'{0x0000000089ae9200}: 'void java.lang.invoke.DirectMethodHandle$Holder.invokeVirtual(java.lang.Object, java.lang.Object)'> (0x0000000089ae9200) thrown at [./src/hotspot/share/interpreter/linkResolver.cpp, line 773]
Event: 1.326 Thread 0x00000224c6d20000 Exception <a 'java/lang/NoSuchMethodError'{0x000000008995a9b0}: 'int java.lang.invoke.DirectMethodHandle$Holder.invokeVirtual(java.lang.Object, java.lang.Object)'> (0x000000008995a9b0) thrown at [./src/hotspot/share/interpreter/linkResolver.cpp, line 773]
Event: 1.840 Thread 0x00000224c6d20000 Exception <a 'java/lang/NoSuchMethodError'{0x000000008b021c38}: 'java.lang.Object java.lang.invoke.DirectMethodHandle$Holder.invokeVirtual(java.lang.Object, java.lang.Object, java.lang.Object)'> (0x000000008b021c38) thrown at [./src/hotspot/share/interpreter/linkResolver.cpp, line 773]

Events (20 events):
Event: 1.845 loading class org/jetbrains/kotlin/metadata/jvm/JvmModuleProtoBuf$ModuleOrBuilder done
Event: 1.845 loading class org/jetbrains/kotlin/metadata/jvm/JvmModuleProtoBuf$Module$1
Event: 1.845 loading class org/jetbrains/kotlin/metadata/jvm/JvmModuleProtoBuf$Module$1 done
Event: 1.846 loading class org/jetbrains/kotlin/load/kotlin/JvmPackagePartProviderBase$ModuleMappingInfo
Event: 1.846 loading class org/jetbrains/kotlin/load/kotlin/JvmPackagePartProviderBase$ModuleMappingInfo done
Event: 1.846 loading class org/jetbrains/kotlin/metadata/jvm/JvmModuleProtoBuf$PackageParts
Event: 1.846 loading class org/jetbrains/kotlin/metadata/jvm/JvmModuleProtoBuf$PackageParts done
Event: 1.847 loading class org/jetbrains/kotlin/metadata/jvm/JvmModuleProtoBuf$PackagePartsOrBuilder
Event: 1.847 loading class org/jetbrains/kotlin/metadata/jvm/JvmModuleProtoBuf$PackagePartsOrBuilder done
Event: 1.847 loading class org/jetbrains/kotlin/metadata/jvm/JvmModuleProtoBuf$PackageParts$1
Event: 1.847 loading class org/jetbrains/kotlin/metadata/jvm/JvmModuleProtoBuf$PackageParts$1 done
Event: 1.847 loading class org/jetbrains/kotlin/metadata/jvm/deserialization/PackageParts
Event: 1.847 loading class org/jetbrains/kotlin/metadata/jvm/deserialization/PackageParts done
Event: 1.848 loading class org/jetbrains/kotlin/protobuf/UnmodifiableLazyStringList$2
Event: 1.848 loading class org/jetbrains/kotlin/protobuf/UnmodifiableLazyStringList$2 done
Event: 1.848 loading class org/jetbrains/kotlin/metadata/jvm/deserialization/ModuleMappingKt
Event: 1.848 loading class org/jetbrains/kotlin/metadata/jvm/deserialization/ModuleMappingKt done
Event: 1.857 loading class kotlin/jvm/internal/TypeIntrinsics
Event: 1.857 loading class kotlin/jvm/internal/TypeIntrinsics done
Event: 1.862 Executing VM operation: G1CollectForAllocation


Dynamic libraries:
0x00007ff6e79b0000 - 0x00007ff6e79ba000 	C:\Program Files\Android\Android Studio\jre\bin\java.exe
0x00007ffbd90c0000 - 0x00007ffbd92c9000 	C:\WINDOWS\SYSTEM32\ntdll.dll
0x00007ffbd80b0000 - 0x00007ffbd816d000 	C:\WINDOWS\System32\KERNEL32.DLL
0x00007ffbd66f0000 - 0x00007ffbd6a64000 	C:\WINDOWS\System32\KERNELBASE.dll
0x00007ffbd6dc0000 - 0x00007ffbd6ed1000 	C:\WINDOWS\System32\ucrtbase.dll
0x00007ffb93070000 - 0x00007ffb93087000 	C:\Program Files\Android\Android Studio\jre\bin\VCRUNTIME140.dll
0x00007ffb64ed0000 - 0x00007ffb64ee9000 	C:\Program Files\Android\Android Studio\jre\bin\jli.dll
0x00007ffbd6fd0000 - 0x00007ffbd717c000 	C:\WINDOWS\System32\USER32.dll
0x00007ffbb36b0000 - 0x00007ffbb3955000 	C:\WINDOWS\WinSxS\amd64_microsoft.windows.common-controls_6595b64144ccf1df_6.0.22000.120_none_9d947278b86cc467\COMCTL32.dll
0x00007ffbd66c0000 - 0x00007ffbd66e6000 	C:\WINDOWS\System32\win32u.dll
0x00007ffbd89e0000 - 0x00007ffbd8a83000 	C:\WINDOWS\System32\msvcrt.dll
0x00007ffbd8e80000 - 0x00007ffbd8ea9000 	C:\WINDOWS\System32\GDI32.dll
0x00007ffbd6a70000 - 0x00007ffbd6b82000 	C:\WINDOWS\System32\gdi32full.dll
0x00007ffbd6620000 - 0x00007ffbd66bd000 	C:\WINDOWS\System32\msvcp_win.dll
0x00007ffbd8b10000 - 0x00007ffbd8b41000 	C:\WINDOWS\System32\IMM32.DLL
0x00007ffb64e30000 - 0x00007ffb64ecd000 	C:\Program Files\Android\Android Studio\jre\bin\msvcp140.dll
0x00007ffb6bf20000 - 0x00007ffb6c9f5000 	C:\Program Files\Android\Android Studio\jre\bin\server\jvm.dll
0x00007ffbd7180000 - 0x00007ffbd722e000 	C:\WINDOWS\System32\ADVAPI32.dll
0x00007ffbd7290000 - 0x00007ffbd732e000 	C:\WINDOWS\System32\sechost.dll
0x00007ffbd8b50000 - 0x00007ffbd8c70000 	C:\WINDOWS\System32\RPCRT4.dll
0x00007ffbd7c00000 - 0x00007ffbd7c08000 	C:\WINDOWS\System32\PSAPI.DLL
0x00007ffbb57e0000 - 0x00007ffbb57e9000 	C:\WINDOWS\SYSTEM32\WSOCK32.dll
0x00007ffbd8500000 - 0x00007ffbd856f000 	C:\WINDOWS\System32\WS2_32.dll
0x00007ffbd0500000 - 0x00007ffbd0533000 	C:\WINDOWS\SYSTEM32\WINMM.dll
0x00007ffbd0300000 - 0x00007ffbd030a000 	C:\WINDOWS\SYSTEM32\VERSION.dll
0x00007ffbd57a0000 - 0x00007ffbd57b8000 	C:\WINDOWS\SYSTEM32\kernel.appcore.dll
0x00007ffbd05b0000 - 0x00007ffbd05c1000 	C:\Program Files\Android\Android Studio\jre\bin\verify.dll
0x00007ffbd41b0000 - 0x00007ffbd43d1000 	C:\WINDOWS\SYSTEM32\DBGHELP.DLL
0x00007ffbb5bc0000 - 0x00007ffbb5bf1000 	C:\WINDOWS\SYSTEM32\dbgcore.DLL
0x00007ffbd6ee0000 - 0x00007ffbd6f5f000 	C:\WINDOWS\System32\bcryptPrimitives.dll
0x00007ffbd0580000 - 0x00007ffbd05a9000 	C:\Program Files\Android\Android Studio\jre\bin\java.dll
0x00007ffbd1680000 - 0x00007ffbd168b000 	C:\Program Files\Android\Android Studio\jre\bin\jimage.dll
0x00007ffbae130000 - 0x00007ffbae148000 	C:\Program Files\Android\Android Studio\jre\bin\zip.dll
0x00007ffbd7330000 - 0x00007ffbd7adf000 	C:\WINDOWS\System32\SHELL32.dll
0x00007ffbd4660000 - 0x00007ffbd4ec8000 	C:\WINDOWS\SYSTEM32\windows.storage.dll
0x00007ffbd8170000 - 0x00007ffbd84e8000 	C:\WINDOWS\System32\combase.dll
0x00007ffbd44f0000 - 0x00007ffbd4656000 	C:\WINDOWS\SYSTEM32\wintypes.dll
0x00007ffbd7af0000 - 0x00007ffbd7bda000 	C:\WINDOWS\System32\SHCORE.dll
0x00007ffbd7e80000 - 0x00007ffbd7edd000 	C:\WINDOWS\System32\shlwapi.dll
0x00007ffbd64e0000 - 0x00007ffbd6501000 	C:\WINDOWS\SYSTEM32\profapi.dll
0x00007ffbae110000 - 0x00007ffbae12a000 	C:\Program Files\Android\Android Studio\jre\bin\net.dll
0x00007ffbd23c0000 - 0x00007ffbd24cc000 	C:\WINDOWS\SYSTEM32\WINHTTP.dll
0x00007ffbd5bd0000 - 0x00007ffbd5c37000 	C:\WINDOWS\system32\mswsock.dll
0x00007ffbae0f0000 - 0x00007ffbae104000 	C:\Program Files\Android\Android Studio\jre\bin\nio.dll

dbghelp: loaded successfully - version: 4.0.5 - missing functions: none
symbol engine: initialized successfully - sym options: 0x614 - pdb path: .;C:\Program Files\Android\Android Studio\jre\bin;C:\WINDOWS\SYSTEM32;C:\WINDOWS\WinSxS\amd64_microsoft.windows.common-controls_6595b64144ccf1df_6.0.22000.120_none_9d947278b86cc467;C:\Program Files\Android\Android Studio\jre\bin\server

VM Arguments:
java_command: org.jetbrains.kotlin.cli.jvm.K2JVMCompiler @C:\Users\Omnia\StudioProjects\Library\app\build\20220428_15687775645723835985.compiler.options
java_class_path (initial): C:\Users\Omnia\.gradle\caches\modules-2\files-2.1\org.jetbrains.kotlin\kotlin-compiler-embeddable\1.6.20\18f66cca4301c12893ebe4ef47d65c3d9d2bff9b\kotlin-compiler-embeddable-1.6.20.jar;C:\Users\Omnia\.gradle\caches\modules-2\files-2.1\org.jetbrains.kotlin\kotlin-reflect\1.6.20\669965154723f1a712e8677af0cc5470dfdab81c\kotlin-reflect-1.6.20.jar;C:\Users\Omnia\.gradle\caches\modules-2\files-2.1\org.jetbrains.kotlin\kotlin-stdlib\1.6.20\6cedc143badbb4f1c6b7f5a340b04edff1743208\kotlin-stdlib-1.6.20.jar;C:\Users\Omnia\.gradle\caches\modules-2\files-2.1\org.jetbrains.kotlin\kotlin-script-runtime\1.6.20\a115c367e0fd9c8909293b208689afca0c88a6f1\kotlin-script-runtime-1.6.20.jar;C:\Users\Omnia\.gradle\caches\modules-2\files-2.1\org.jetbrains.kotlin\kotlin-daemon-embeddable\1.6.20\d4cac343029f48f106c57f457384771165d7deb5\kotlin-daemon-embeddable-1.6.20.jar;C:\Users\Omnia\.gradle\caches\modules-2\files-2.1\org.jetbrains.intellij.deps\trove4j\1.0.20200330\3afb14d5f9ceb459d724e907a21145e8ff394f02\trove4j-1.0.20200330.jar;C:\Users\Omnia\.gradle\caches\modules-2\files-2.1\net.java.dev.jna\jna\5.6.0\330f2244e9030119ab3030fc3fededc86713d9cc\jna-5.6.0.jar;C:\Users\Omnia\.gradle\caches\modules-2\files-2.1\org.jetbrains.kotlin\kotlin-stdlib-common\1.6.20\27b4562b6713d70f458c6d7ea39aadacb8e6a92b\kotlin-stdlib-common-1.6.20.jar;C:\Users\Omnia\.gradle\caches\modules-2\files-2.1\org.jetbrains\annotations\13.0\919f0dfe192fb4e063e7dacadee7f8bb9a2672a9\annotations-13.0.jar
Launcher Type: SUN_STANDARD

[Global flags]
     intx CICompilerCount                          = 4                                         {product} {ergonomic}
     uint ConcGCThreads                            = 3                                         {product} {ergonomic}
     uint G1ConcRefinementThreads                  = 10                                        {product} {ergonomic}
   size_t G1HeapRegionSize                         = 1048576                                   {product} {ergonomic}
    uintx GCDrainStackTargetSize                   = 64                                        {product} {ergonomic}
   size_t InitialHeapSize                          = 132120576                                 {product} {ergonomic}
   size_t MarkStackSize                            = 4194304                                   {product} {ergonomic}
   size_t MaxHeapSize                              = 2088763392                                {product} {ergonomic}
   size_t MaxNewSize                               = 1253048320                                {product} {ergonomic}
   size_t MinHeapDeltaBytes                        = 1048576                                   {product} {ergonomic}
    uintx NonNMethodCodeHeapSize                   = 5836300                                {pd product} {ergonomic}
    uintx NonProfiledCodeHeapSize                  = 122910970                              {pd product} {ergonomic}
    uintx ProfiledCodeHeapSize                     = 122910970                              {pd product} {ergonomic}
    uintx ReservedCodeCacheSize                    = 251658240                              {pd product} {ergonomic}
     bool SegmentedCodeCache                       = true                                      {product} {ergonomic}
     bool UseCompressedClassPointers               = true                                 {lp64_product} {ergonomic}
     bool UseCompressedOops                        = true                                 {lp64_product} {ergonomic}
     bool UseG1GC                                  = true                                      {product} {ergonomic}
     bool UseLargePagesIndividualAllocation        = false                                  {pd product} {ergonomic}

Logging:
Log output configuration:
 #0: stdout all=warning uptime,level,tags
 #1: stderr all=off uptime,level,tags

Environment Variables:
PATH=C:\Program Files\Common Files\Oracle\Java\javapath;C:\Program Files (x86)\Common Files\Oracle\Java\javapath;C:\Windows\system32;C:\Windows;C:\Windows\System32\Wbem;C:\Windows\System32\WindowsPowerShell\v1.0\;C:\Windows\System32\OpenSSH\;C:\Program Files (x86)\NVIDIA Corporation\PhysX\Common;C:\Program Files\Azure Data Studio\bin;C:\Program Files\Git\cmd;C:\WINDOWS\system32;C:\WINDOWS;C:\WINDOWS\System32\Wbem;C:\WINDOWS\System32\WindowsPowerShell\v1.0\;C:\WINDOWS\System32\OpenSSH\;C:\Program Files\Microsoft SQL Server\Client SDK\ODBC\170\Tools\Binn\;C:\Program Files (x86)\Microsoft SQL Server\150\Tools\Binn\;C:\Program Files\Microsoft SQL Server\150\Tools\Binn\;C:\Program Files\Microsoft SQL Server\150\DTS\Binn\;C:\Program Files (x86)\Microsoft SQL Server\150\DTS\Binn\;C:\Users\Omnia\AppData\Local\Microsoft\WindowsApps;C:\Users\Omnia\AppData\Local\atom\bin;C:\Users\Omnia\AppData\Local\Programs\Microsoft VS Code\bin;C:\Program Files\Azure Data Studio\bin;C:\Users\Omnia\AppData\Local\Microsoft\WindowsApps;
USERNAME=Omnia
OS=Windows_NT
PROCESSOR_IDENTIFIER=Intel64 Family 6 Model 165 Stepping 2, GenuineIntel



---------------  S Y S T E M  ---------------

OS: Windows 10 , 64 bit Build 22000 (10.0.22000.613)
OS uptime: 0 days 2:31 hours

CPU:total 12 (initial active 12) (6 cores per cpu, 2 threads per core) family 6 model 165 stepping 2 microcode 0xec, cmov, cx8, fxsr, mmx, sse, sse2, sse3, ssse3, sse4.1, sse4.2, popcnt, avx, avx2, aes, clmul, erms, 3dnowpref, lzcnt, ht, tsc, tscinvbit, bmi1, bmi2, adx, fma

Memory: 4k page, system-wide physical 7967M (492M free)
TotalPageFile size 12063M (AvailPageFile size 28M)
current process WorkingSet (physical memory assigned to process): 207M, peak: 207M
current process commit charge ("private bytes"): 291M, peak: 324M

vm_info: OpenJDK 64-Bit Server VM (11.0.11+9-b60-7590822) for windows-amd64 JRE (11.0.11+9-b60-7590822), built on Jul 29 2021 21:43:44 by "builder" with MS VC++ 14.0 (VS2015)

END.
